id: 0, time: 4457.31470609, res: 82942328
id: 0, time: 4457.31470609, res: 117194128
id: 0, time: 4457.31470609, res: 56205254
id: 0, time: 4457.31470609, res: 82799557
id: 0, time: 4457.31470609, res: 68296501
id: 0, time: 4457.31470609, res: 83904314
id: 0, time: 4457.31470609, res: 78768356
id: 0, time: 4457.31470609, res: 108641574
id: 1, time: 9081.68692112, res: 122384934
id: 1, time: 9081.68692112, res: 73190386
id: 1, time: 9081.68692112, res: 109180664
id: 1, time: 9081.68692112, res: 88616646
id: 1, time: 9081.68692112, res: 77240130
id: 1, time: 9081.68692112, res: 80154050
id: 1, time: 9081.68692112, res: 124654686
id: 1, time: 9081.68692112, res: 87435706
id: 2, time: 13437.2734561, res: 47988291
id: 2, time: 13437.2734561, res: 93726110
id: 2, time: 13437.2734561, res: 95160489
id: 2, time: 13437.2734561, res: 86707350
id: 2, time: 13437.2734561, res: 58180156
id: 2, time: 13437.2734561, res: 100264341
id: 2, time: 13437.2734561, res: 73749444
id: 2, time: 13437.2734561, res: 63869890
id: 3, time: 18128.358387, res: 105590327
id: 3, time: 18128.358387, res: 86557309
id: 3, time: 18128.358387, res: 122695648
id: 3, time: 18128.358387, res: 95582442
id: 3, time: 18128.358387, res: 109804533
id: 3, time: 18128.358387, res: 106665844
id: 3, time: 18128.358387, res: 52983052
id: 3, time: 18128.358387, res: 132247008
id: 4, time: 22973.316608, res: 102185834
id: 4, time: 22973.316608, res: 91242677
id: 4, time: 22973.316608, res: 109349080
id: 4, time: 22973.316608, res: 114911115
id: 4, time: 22973.316608, res: 80309865
id: 4, time: 22973.316608, res: 111358819
id: 4, time: 22973.316608, res: 104477077
id: 4, time: 22973.316608, res: 134504527
id: 5, time: 28089.691725, res: 20068408
id: 5, time: 28089.691725, res: 32341484
id: 5, time: 28089.691725, res: 42789607
id: 5, time: 28089.691725, res: 64078842
id: 5, time: 28089.691725, res: 34193486
id: 5, time: 28089.691725, res: 60798799
id: 5, time: 28089.691725, res: 36016876
id: 5, time: 28089.691725, res: 171955608
id: 6, time: 32624.745698, res: 61161235
id: 6, time: 32624.745698, res: 115678006
id: 6, time: 32624.745698, res: 82418956
id: 6, time: 32624.745698, res: 81777471
id: 6, time: 32624.745698, res: 72498873
id: 6, time: 32624.745698, res: 103592692
id: 6, time: 32624.745698, res: 76270806
id: 6, time: 32624.745698, res: 97904832
id: 7, time: 37806.959064, res: 80958862
id: 7, time: 37806.959064, res: 138081315
id: 7, time: 37806.959064, res: 102788357
id: 7, time: 37806.959064, res: 125738846
id: 7, time: 37806.959064, res: 95318348
id: 7, time: 37806.959064, res: 105578086
id: 7, time: 37806.959064, res: 134907740
id: 7, time: 37806.959064, res: 137536282
id: 8, time: 41356.327481, res: 39811609
id: 8, time: 41356.327481, res: 13020143
id: 8, time: 41356.327481, res: 39140040
id: 8, time: 41356.327481, res: 47561847
id: 8, time: 41356.327481, res: 24970534
id: 8, time: 41356.327481, res: 18702594
id: 8, time: 41356.327481, res: 26325546
id: 8, time: 41356.327481, res: 25697890
id: 9, time: 46407.877692, res: 114713005
id: 9, time: 46407.877692, res: 128207252
id: 9, time: 46407.877692, res: 112309498
id: 9, time: 46407.877692, res: 110106848
id: 9, time: 46407.877692, res: 114126498
id: 9, time: 46407.877692, res: 114242839
id: 9, time: 46407.877692, res: 103774104
id: 9, time: 46407.877692, res: 106049625
