id: 0, time: 4562.81149697, res: 106966253
id: 0, time: 4562.81149697, res: 53419377
id: 0, time: 4562.81149697, res: 100753061
id: 0, time: 4562.81149697, res: 77066872
id: 0, time: 4562.81149697, res: 74379723
id: 0, time: 4562.81149697, res: 111853635
id: 0, time: 4562.81149697, res: 103546416
id: 0, time: 4562.81149697, res: 105384771
id: 1, time: 9426.67770481, res: 105459677
id: 1, time: 9426.67770481, res: 132603559
id: 1, time: 9426.67770481, res: 77314070
id: 1, time: 9426.67770481, res: 114342650
id: 1, time: 9426.67770481, res: 103155821
id: 1, time: 9426.67770481, res: 92674359
id: 1, time: 9426.67770481, res: 103397415
id: 1, time: 9426.67770481, res: 82749859
id: 2, time: 13571.1809988, res: 88481208
id: 2, time: 13571.1809988, res: 66495940
id: 2, time: 13571.1809988, res: 82935828
id: 2, time: 13571.1809988, res: 80536883
id: 2, time: 13571.1809988, res: 57719747
id: 2, time: 13571.1809988, res: 90372497
id: 2, time: 13571.1809988, res: 48494000
id: 2, time: 13571.1809988, res: 53270841
id: 3, time: 18314.3084378, res: 73798866
id: 3, time: 18314.3084378, res: 73984022
id: 3, time: 18314.3084378, res: 79727717
id: 3, time: 18314.3084378, res: 117793750
id: 3, time: 18314.3084378, res: 93307479
id: 3, time: 18314.3084378, res: 136294470
id: 3, time: 18314.3084378, res: 113503773
id: 3, time: 18314.3084378, res: 85457109
id: 4, time: 23069.63253, res: 98505296
id: 4, time: 23069.63253, res: 74774019
id: 4, time: 23069.63253, res: 101003861
id: 4, time: 23069.63253, res: 118613065
id: 4, time: 23069.63253, res: 50450949
id: 4, time: 23069.63253, res: 115248700
id: 4, time: 23069.63253, res: 86542757
id: 4, time: 23069.63253, res: 121315626
