id: 0, time: 4979.99186993, res: 124979187
id: 0, time: 4979.99186993, res: 141663268
id: 0, time: 4979.99186993, res: 85332996
id: 0, time: 4979.99186993, res: 102240113
id: 0, time: 4979.99186993, res: 138899268
id: 0, time: 4979.99186993, res: 95043645
id: 0, time: 4979.99186993, res: 106904829
id: 0, time: 4979.99186993, res: 88828011
id: 1, time: 10123.6813159, res: 123858097
id: 1, time: 10123.6813159, res: 104715852
id: 1, time: 10123.6813159, res: 112015772
id: 1, time: 10123.6813159, res: 95310415
id: 1, time: 10123.6813159, res: 122048640
id: 1, time: 10123.6813159, res: 111535263
id: 1, time: 10123.6813159, res: 125530841
id: 1, time: 10123.6813159, res: 110022613
id: 2, time: 13717.6252549, res: 39664185
id: 2, time: 13717.6252549, res: 39192032
id: 2, time: 13717.6252549, res: 32285402
id: 2, time: 13717.6252549, res: 23408237
id: 2, time: 13717.6252549, res: 23672609
id: 2, time: 13717.6252549, res: 67408605
id: 2, time: 13717.6252549, res: 14453345
id: 2, time: 13717.6252549, res: 43379102
id: 3, time: 17788.8813448, res: 64549762
id: 3, time: 17788.8813448, res: 48892963
id: 3, time: 17788.8813448, res: 49190390
id: 3, time: 17788.8813448, res: 67366113
id: 3, time: 17788.8813448, res: 46623294
id: 3, time: 17788.8813448, res: 60628630
id: 3, time: 17788.8813448, res: 73650409
id: 3, time: 17788.8813448, res: 68826804
id: 4, time: 22881.3370919, res: 106113901
id: 4, time: 22881.3370919, res: 98800032
id: 4, time: 22881.3370919, res: 112797032
id: 4, time: 22881.3370919, res: 127765765
id: 4, time: 22881.3370919, res: 93211361
id: 4, time: 22881.3370919, res: 128987580
id: 4, time: 22881.3370919, res: 119584803
id: 4, time: 22881.3370919, res: 158356717
id: 5, time: 28006.5771959, res: 124878379
id: 5, time: 28006.5771959, res: 128963888
id: 5, time: 28006.5771959, res: 104252320
id: 5, time: 28006.5771959, res: 103256493
id: 5, time: 28006.5771959, res: 110587392
id: 5, time: 28006.5771959, res: 122444284
id: 5, time: 28006.5771959, res: 81033980
id: 5, time: 28006.5771959, res: 109427179
id: 6, time: 32967.3209329, res: 151797776
id: 6, time: 32967.3209329, res: 138751290
id: 6, time: 32967.3209329, res: 92519417
id: 6, time: 32967.3209329, res: 70472732
id: 6, time: 32967.3209329, res: 86025989
id: 6, time: 32967.3209329, res: 116327858
id: 6, time: 32967.3209329, res: 67125720
id: 6, time: 32967.3209329, res: 103966935
id: 7, time: 38050.3052959, res: 128492079
id: 7, time: 38050.3052959, res: 115475664
id: 7, time: 38050.3052959, res: 114003164
id: 7, time: 38050.3052959, res: 135495176
id: 7, time: 38050.3052959, res: 108586235
id: 7, time: 38050.3052959, res: 110751983
id: 7, time: 38050.3052959, res: 113096241
id: 7, time: 38050.3052959, res: 121300558
id: 8, time: 42938.287235, res: 99492422
id: 8, time: 42938.287235, res: 112628094
id: 8, time: 42938.287235, res: 82931236
id: 8, time: 42938.287235, res: 147699835
id: 8, time: 42938.287235, res: 97969002
id: 8, time: 42938.287235, res: 154964600
id: 8, time: 42938.287235, res: 76624597
id: 8, time: 42938.287235, res: 91160728
id: 9, time: 48039.116874, res: 111289736
id: 9, time: 48039.116874, res: 130973799
id: 9, time: 48039.116874, res: 112643090
id: 9, time: 48039.116874, res: 115709405
id: 9, time: 48039.116874, res: 92762976
id: 9, time: 48039.116874, res: 96639109
id: 9, time: 48039.116874, res: 122309423
id: 9, time: 48039.116874, res: 107371010
id: 10, time: 53327.9939818, res: 129536703
id: 10, time: 53327.9939818, res: 127394166
id: 10, time: 53327.9939818, res: 126550729
id: 10, time: 53327.9939818, res: 90888618
id: 10, time: 53327.9939818, res: 116414174
id: 10, time: 53327.9939818, res: 135483089
id: 10, time: 53327.9939818, res: 138456805
id: 10, time: 53327.9939818, res: 108313137
id: 11, time: 58383.773855, res: 117534893
id: 11, time: 58383.773855, res: 121798035
id: 11, time: 58383.773855, res: 99341616
id: 11, time: 58383.773855, res: 140884151
id: 11, time: 58383.773855, res: 117561844
id: 11, time: 58383.773855, res: 92240094
id: 11, time: 58383.773855, res: 108220907
id: 11, time: 58383.773855, res: 98994484
id: 12, time: 62124.90064, res: 60565082
id: 12, time: 62124.90064, res: 57701935
id: 12, time: 62124.90064, res: 30851440
id: 12, time: 62124.90064, res: 25185105
id: 12, time: 62124.90064, res: 52536106
id: 12, time: 62124.90064, res: 45923146
id: 12, time: 62124.90064, res: 41324709
id: 12, time: 62124.90064, res: 62642155
id: 13, time: 67256.1642179, res: 116292393
id: 13, time: 67256.1642179, res: 109399107
id: 13, time: 67256.1642179, res: 123171000
id: 13, time: 67256.1642179, res: 114146295
id: 13, time: 67256.1642179, res: 106584559
id: 13, time: 67256.1642179, res: 122652658
id: 13, time: 67256.1642179, res: 121133813
id: 13, time: 67256.1642179, res: 98635837
id: 14, time: 72269.9137008, res: 127504623
id: 14, time: 72269.9137008, res: 143435160
id: 14, time: 72269.9137008, res: 118519539
id: 14, time: 72269.9137008, res: 120543926
id: 14, time: 72269.9137008, res: 61886980
id: 14, time: 72269.9137008, res: 107075853
id: 14, time: 72269.9137008, res: 103850843
id: 14, time: 72269.9137008, res: 105041100
id: 15, time: 76916.1319139, res: 58082787
id: 15, time: 76916.1319139, res: 94683265
id: 15, time: 76916.1319139, res: 116129038
id: 15, time: 76916.1319139, res: 75000435
id: 15, time: 76916.1319139, res: 110641878
id: 15, time: 76916.1319139, res: 87931305
id: 15, time: 76916.1319139, res: 85921461
id: 15, time: 76916.1319139, res: 98632233
id: 16, time: 82167.2219648, res: 133962260
id: 16, time: 82167.2219648, res: 152061229
id: 16, time: 82167.2219648, res: 74425652
id: 16, time: 82167.2219648, res: 112265233
id: 16, time: 82167.2219648, res: 148746523
id: 16, time: 82167.2219648, res: 109222539
id: 16, time: 82167.2219648, res: 110359976
id: 16, time: 82167.2219648, res: 136883215
id: 17, time: 87371.9487019, res: 98413736
id: 17, time: 87371.9487019, res: 129760015
id: 17, time: 87371.9487019, res: 113040392
id: 17, time: 87371.9487019, res: 80605580
id: 17, time: 87371.9487019, res: 123085773
id: 17, time: 87371.9487019, res: 116054259
id: 17, time: 87371.9487019, res: 100069874
id: 17, time: 87371.9487019, res: 152587704
id: 18, time: 92347.1511848, res: 119380939
id: 18, time: 92347.1511848, res: 112013106
id: 18, time: 92347.1511848, res: 89230509
id: 18, time: 92347.1511848, res: 82185848
id: 18, time: 92347.1511848, res: 95604943
id: 18, time: 92347.1511848, res: 97328598
id: 18, time: 92347.1511848, res: 122675326
id: 18, time: 92347.1511848, res: 122247603
id: 19, time: 97367.0352399, res: 106153959
id: 19, time: 97367.0352399, res: 97843910
id: 19, time: 97367.0352399, res: 133124245
id: 19, time: 97367.0352399, res: 120100385
id: 19, time: 97367.0352399, res: 91332311
id: 19, time: 97367.0352399, res: 118532555
id: 19, time: 97367.0352399, res: 126175380
id: 19, time: 97367.0352399, res: 164308237
id: 20, time: 102286.186823, res: 143271850
id: 20, time: 102286.186823, res: 92571890
id: 20, time: 102286.186823, res: 71216416
id: 20, time: 102286.186823, res: 117391049
id: 20, time: 102286.186823, res: 79019465
id: 20, time: 102286.186823, res: 114739568
id: 20, time: 102286.186823, res: 114868902
id: 20, time: 102286.186823, res: 111624798
id: 21, time: 107519.626174, res: 102205682
id: 21, time: 107519.626174, res: 122926998
id: 21, time: 107519.626174, res: 127830443
id: 21, time: 107519.626174, res: 89072471
id: 21, time: 107519.626174, res: 91050943
id: 21, time: 107519.626174, res: 153068275
id: 21, time: 107519.626174, res: 117438345
id: 21, time: 107519.626174, res: 168676089
id: 22, time: 112832.931977, res: 119316906
id: 22, time: 112832.931977, res: 126173417
id: 22, time: 112832.931977, res: 101264981
id: 22, time: 112832.931977, res: 159408547
id: 22, time: 112832.931977, res: 137098866
id: 22, time: 112832.931977, res: 126411985
id: 22, time: 112832.931977, res: 122216980
id: 22, time: 112832.931977, res: 115828764
id: 23, time: 117999.373317, res: 146663398
id: 23, time: 117999.373317, res: 93246497
id: 23, time: 117999.373317, res: 127570834
id: 23, time: 117999.373317, res: 108878168
id: 23, time: 117999.373317, res: 112917394
id: 23, time: 117999.373317, res: 122564083
id: 23, time: 117999.373317, res: 125818834
id: 23, time: 117999.373317, res: 94119204
id: 24, time: 123234.436836, res: 149652492
id: 24, time: 123234.436836, res: 138631637
id: 24, time: 123234.436836, res: 106185693
id: 24, time: 123234.436836, res: 131114509
id: 24, time: 123234.436836, res: 137393346
id: 24, time: 123234.436836, res: 95585869
id: 24, time: 123234.436836, res: 158584365
id: 24, time: 123234.436836, res: 112895907
id: 25, time: 128461.061855, res: 124897132
id: 25, time: 128461.061855, res: 156604888
id: 25, time: 128461.061855, res: 131160157
id: 25, time: 128461.061855, res: 133376803
id: 25, time: 128461.061855, res: 95210872
id: 25, time: 128461.061855, res: 92896695
id: 25, time: 128461.061855, res: 128523649
id: 25, time: 128461.061855, res: 93062828
id: 26, time: 133841.249529, res: 96580945
id: 26, time: 133841.249529, res: 106961849
id: 26, time: 133841.249529, res: 148735333
id: 26, time: 133841.249529, res: 109653839
id: 26, time: 133841.249529, res: 163767705
id: 26, time: 133841.249529, res: 139887278
id: 26, time: 133841.249529, res: 87607616
id: 26, time: 133841.249529, res: 124904868
id: 27, time: 139225.617596, res: 138685164
id: 27, time: 139225.617596, res: 142167919
id: 27, time: 139225.617596, res: 121357954
id: 27, time: 139225.617596, res: 104442382
id: 27, time: 139225.617596, res: 114178902
id: 27, time: 139225.617596, res: 92158823
id: 27, time: 139225.617596, res: 108662050
id: 27, time: 139225.617596, res: 155403632
id: 28, time: 144335.382823, res: 86789702
id: 28, time: 144335.382823, res: 126833763
id: 28, time: 144335.382823, res: 79671274
id: 28, time: 144335.382823, res: 118263987
id: 28, time: 144335.382823, res: 102558187
id: 28, time: 144335.382823, res: 109920675
id: 28, time: 144335.382823, res: 116031188
id: 28, time: 144335.382823, res: 98774986
id: 29, time: 149379.833119, res: 115295476
id: 29, time: 149379.833119, res: 110631394
id: 29, time: 149379.833119, res: 148812678
id: 29, time: 149379.833119, res: 104746136
id: 29, time: 149379.833119, res: 105922467
id: 29, time: 149379.833119, res: 129349659
id: 29, time: 149379.833119, res: 103512003
id: 29, time: 149379.833119, res: 90940674
id: 30, time: 154556.952314, res: 81946510
id: 30, time: 154556.952314, res: 83546581
id: 30, time: 154556.952314, res: 150445852
id: 30, time: 154556.952314, res: 96999862
id: 30, time: 154556.952314, res: 121040103
id: 30, time: 154556.952314, res: 137669000
id: 30, time: 154556.952314, res: 135649270
id: 30, time: 154556.952314, res: 96886091
id: 31, time: 159636.320088, res: 94797411
id: 31, time: 159636.320088, res: 107476370
id: 31, time: 159636.320088, res: 144607643
id: 31, time: 159636.320088, res: 96977047
id: 31, time: 159636.320088, res: 109833574
id: 31, time: 159636.320088, res: 100379942
id: 31, time: 159636.320088, res: 105976626
id: 31, time: 159636.320088, res: 93393760
id: 32, time: 164893.460782, res: 125153517
id: 32, time: 164893.460782, res: 111661186
id: 32, time: 164893.460782, res: 81980298
id: 32, time: 164893.460782, res: 126050558
id: 32, time: 164893.460782, res: 125770672
id: 32, time: 164893.460782, res: 117622886
id: 32, time: 164893.460782, res: 133577200
id: 32, time: 164893.460782, res: 135538897
id: 33, time: 169874.301939, res: 88862780
id: 33, time: 169874.301939, res: 151557455
id: 33, time: 169874.301939, res: 93120466
id: 33, time: 169874.301939, res: 78897762
id: 33, time: 169874.301939, res: 134840344
id: 33, time: 169874.301939, res: 82570430
id: 33, time: 169874.301939, res: 81434998
id: 33, time: 169874.301939, res: 114965140
id: 34, time: 176532.053168, res: 100338179
id: 34, time: 176532.053168, res: 134312207
id: 34, time: 176532.053168, res: 70562246
id: 34, time: 176532.053168, res: 108619170
id: 34, time: 176532.053168, res: 115044480
id: 34, time: 176532.053168, res: 111875524
id: 34, time: 176532.053168, res: 111813934
id: 34, time: 176532.053168, res: 786271730
id: 35, time: 181654.263759, res: 146734584
id: 35, time: 181654.263759, res: 91316732
id: 35, time: 181654.263759, res: 105546051
id: 35, time: 181654.263759, res: 113937052
id: 35, time: 181654.263759, res: 86650662
id: 35, time: 181654.263759, res: 134908747
id: 35, time: 181654.263759, res: 84626049
id: 35, time: 181654.263759, res: 115494066
id: 36, time: 186886.730894, res: 113093930
id: 36, time: 186886.730894, res: 105325664
id: 36, time: 186886.730894, res: 132792514
id: 36, time: 186886.730894, res: 103269124
id: 36, time: 186886.730894, res: 134930304
id: 36, time: 186886.730894, res: 111285159
id: 36, time: 186886.730894, res: 136096186
id: 36, time: 186886.730894, res: 124599491
id: 37, time: 193521.507671, res: 118662573
id: 37, time: 193521.507671, res: 73429345
id: 37, time: 193521.507671, res: 109731821
id: 37, time: 193521.507671, res: 127301557
id: 37, time: 193521.507671, res: 129188540
id: 37, time: 193521.507671, res: 111548885
id: 37, time: 193521.507671, res: 132995468
id: 37, time: 193521.507671, res: 610790303
id: 38, time: 198554.442658, res: 114194044
id: 38, time: 198554.442658, res: 85780008
id: 38, time: 198554.442658, res: 97817958
id: 38, time: 198554.442658, res: 101196299
id: 38, time: 198554.442658, res: 140466503
id: 38, time: 198554.442658, res: 129058019
id: 38, time: 198554.442658, res: 133456403
id: 38, time: 198554.442658, res: 99059263
id: 39, time: 203722.74829, res: 144021134
id: 39, time: 203722.74829, res: 89550979
id: 39, time: 203722.74829, res: 152269413
id: 39, time: 203722.74829, res: 102735910
id: 39, time: 203722.74829, res: 121783900
id: 39, time: 203722.74829, res: 132813952
id: 39, time: 203722.74829, res: 124635665
id: 39, time: 203722.74829, res: 106341797
id: 40, time: 207803.053638, res: 80118573
id: 40, time: 207803.053638, res: 36211738
id: 40, time: 207803.053638, res: 97167232
id: 40, time: 207803.053638, res: 49171158
id: 40, time: 207803.053638, res: 63042791
id: 40, time: 207803.053638, res: 33294123
id: 40, time: 207803.053638, res: 80750439
id: 40, time: 207803.053638, res: 66803302
id: 41, time: 212817.920902, res: 130062508
id: 41, time: 212817.920902, res: 84457124
id: 41, time: 212817.920902, res: 67130498
id: 41, time: 212817.920902, res: 119935929
id: 41, time: 212817.920902, res: 136058947
id: 41, time: 212817.920902, res: 109879837
id: 41, time: 212817.920902, res: 118357107
id: 41, time: 212817.920902, res: 99379822
id: 42, time: 218045.710049, res: 138590536
id: 42, time: 218045.710049, res: 92483235
id: 42, time: 218045.710049, res: 104880030
id: 42, time: 218045.710049, res: 82919839
id: 42, time: 218045.710049, res: 127056587
id: 42, time: 218045.710049, res: 147611498
id: 42, time: 218045.710049, res: 116115069
id: 42, time: 218045.710049, res: 134048594
id: 43, time: 223119.039267, res: 102230100
id: 43, time: 223119.039267, res: 114559909
id: 43, time: 223119.039267, res: 118208126
id: 43, time: 223119.039267, res: 113204658
id: 43, time: 223119.039267, res: 98179049
id: 43, time: 223119.039267, res: 107013733
id: 43, time: 223119.039267, res: 98484587
id: 43, time: 223119.039267, res: 155353060
id: 44, time: 228236.659208, res: 161774808
id: 44, time: 228236.659208, res: 90575045
id: 44, time: 228236.659208, res: 121096142
id: 44, time: 228236.659208, res: 97842612
id: 44, time: 228236.659208, res: 68032009
id: 44, time: 228236.659208, res: 116780350
id: 44, time: 228236.659208, res: 48803914
id: 44, time: 228236.659208, res: 130602179
id: 45, time: 233335.296021, res: 107884372
id: 45, time: 233335.296021, res: 119871899
id: 45, time: 233335.296021, res: 77198585
id: 45, time: 233335.296021, res: 125189707
id: 45, time: 233335.296021, res: 130254744
id: 45, time: 233335.296021, res: 123430977
id: 45, time: 233335.296021, res: 111360887
id: 45, time: 233335.296021, res: 125895308
id: 46, time: 238565.282654, res: 109283709
id: 46, time: 238565.282654, res: 124701007
id: 46, time: 238565.282654, res: 109602673
id: 46, time: 238565.282654, res: 124060872
id: 46, time: 238565.282654, res: 108653142
id: 46, time: 238565.282654, res: 117590538
id: 46, time: 238565.282654, res: 97515756
id: 46, time: 238565.282654, res: 125076347
id: 47, time: 243722.013511, res: 137179180
id: 47, time: 243722.013511, res: 97036813
id: 47, time: 243722.013511, res: 115812049
id: 47, time: 243722.013511, res: 67099985
id: 47, time: 243722.013511, res: 93651888
id: 47, time: 243722.013511, res: 147204213
id: 47, time: 243722.013511, res: 106117028
id: 47, time: 243722.013511, res: 142964382
id: 48, time: 248199.64645, res: 91894372
id: 48, time: 248199.64645, res: 79458283
id: 48, time: 248199.64645, res: 67640112
id: 48, time: 248199.64645, res: 92593425
id: 48, time: 248199.64645, res: 69569230
id: 48, time: 248199.64645, res: 54277978
id: 48, time: 248199.64645, res: 88913142
id: 48, time: 248199.64645, res: 91338160
id: 49, time: 252881.886985, res: 113348192
id: 49, time: 252881.886985, res: 75990567
id: 49, time: 252881.886985, res: 76631225
id: 49, time: 252881.886985, res: 103931984
id: 49, time: 252881.886985, res: 71597031
id: 49, time: 252881.886985, res: 96857340
id: 49, time: 252881.886985, res: 75457057
id: 49, time: 252881.886985, res: 127736995
id: 50, time: 257856.59238, res: 93269127
id: 50, time: 257856.59238, res: 92902207
id: 50, time: 257856.59238, res: 100560700
id: 50, time: 257856.59238, res: 166083841
id: 50, time: 257856.59238, res: 111991063
id: 50, time: 257856.59238, res: 96675917
id: 50, time: 257856.59238, res: 95426512
id: 50, time: 257856.59238, res: 94993215
id: 51, time: 261790.784214, res: 39697159
id: 51, time: 261790.784214, res: 41879433
id: 51, time: 261790.784214, res: 76083826
id: 51, time: 261790.784214, res: 66751992
id: 51, time: 261790.784214, res: 53082838
id: 51, time: 261790.784214, res: 49240562
id: 51, time: 261790.784214, res: 80485166
id: 51, time: 261790.784214, res: 26986232
id: 52, time: 267101.446892, res: 85928355
id: 52, time: 267101.446892, res: 139252518
id: 52, time: 267101.446892, res: 108964845
id: 52, time: 267101.446892, res: 142117968
id: 52, time: 267101.446892, res: 120559627
id: 52, time: 267101.446892, res: 109814889
id: 52, time: 267101.446892, res: 106052795
id: 52, time: 267101.446892, res: 115042864
id: 53, time: 272300.586498, res: 111091654
id: 53, time: 272300.586498, res: 128250599
id: 53, time: 272300.586498, res: 108244605
id: 53, time: 272300.586498, res: 72430490
id: 53, time: 272300.586498, res: 102727428
id: 53, time: 272300.586498, res: 139506431
id: 53, time: 272300.586498, res: 124355573
id: 53, time: 272300.586498, res: 122835494
id: 54, time: 277408.677682, res: 113137188
id: 54, time: 277408.677682, res: 102340691
id: 54, time: 277408.677682, res: 144005498
id: 54, time: 277408.677682, res: 101658795
id: 54, time: 277408.677682, res: 103818336
id: 54, time: 277408.677682, res: 164153654
id: 54, time: 277408.677682, res: 98484859
id: 54, time: 277408.677682, res: 96491258
id: 55, time: 282754.629457, res: 135755849
id: 55, time: 282754.629457, res: 118842090
id: 55, time: 282754.629457, res: 136753711
id: 55, time: 282754.629457, res: 115756331
id: 55, time: 282754.629457, res: 109925279
id: 55, time: 282754.629457, res: 143037609
id: 55, time: 282754.629457, res: 144762932
id: 55, time: 282754.629457, res: 93316883
id: 56, time: 289445.446889, res: 81114983
id: 56, time: 289445.446889, res: 167244556
id: 56, time: 289445.446889, res: 109089500
id: 56, time: 289445.446889, res: 117278820
id: 56, time: 289445.446889, res: 112178008
id: 56, time: 289445.446889, res: 114613905
id: 56, time: 289445.446889, res: 114935601
id: 56, time: 289445.446889, res: 786361850
id: 57, time: 294476.188817, res: 110036757
id: 57, time: 294476.188817, res: 113517752
id: 57, time: 294476.188817, res: 88158272
id: 57, time: 294476.188817, res: 101592814
id: 57, time: 294476.188817, res: 97424595
id: 57, time: 294476.188817, res: 109988478
id: 57, time: 294476.188817, res: 154852147
id: 57, time: 294476.188817, res: 101688107
id: 58, time: 299647.263524, res: 113847504
id: 58, time: 299647.263524, res: 130829924
id: 58, time: 299647.263524, res: 131690139
id: 58, time: 299647.263524, res: 113035532
id: 58, time: 299647.263524, res: 57213711
id: 58, time: 299647.263524, res: 130624705
id: 58, time: 299647.263524, res: 108114442
id: 58, time: 299647.263524, res: 98849136
id: 59, time: 304794.494077, res: 141942821
id: 59, time: 304794.494077, res: 116440687
id: 59, time: 304794.494077, res: 109807586
id: 59, time: 304794.494077, res: 91075001
id: 59, time: 304794.494077, res: 109733590
id: 59, time: 304794.494077, res: 113842524
id: 59, time: 304794.494077, res: 116564759
id: 59, time: 304794.494077, res: 121136758
id: 60, time: 309747.073158, res: 103357646
id: 60, time: 309747.073158, res: 99896032
id: 60, time: 309747.073158, res: 96097484
id: 60, time: 309747.073158, res: 149951471
id: 60, time: 309747.073158, res: 82673212
id: 60, time: 309747.073158, res: 90485410
id: 60, time: 309747.073158, res: 75246773
id: 60, time: 309747.073158, res: 117462920
id: 61, time: 315127.089064, res: 86008648
id: 61, time: 315127.089064, res: 130679368
id: 61, time: 315127.089064, res: 122287048
id: 61, time: 315127.089064, res: 145948535
id: 61, time: 315127.089064, res: 100871451
id: 61, time: 315127.089064, res: 76986261
id: 61, time: 315127.089064, res: 116248082
id: 61, time: 315127.089064, res: 147181229
id: 62, time: 322122.327696, res: 88255081
id: 62, time: 322122.327696, res: 148371500
id: 62, time: 322122.327696, res: 131093851
id: 62, time: 322122.327696, res: 114002376
id: 62, time: 322122.327696, res: 129904852
id: 62, time: 322122.327696, res: 133363285
id: 62, time: 322122.327696, res: 106605597
id: 62, time: 322122.327696, res: 961531375
id: 63, time: 327280.197645, res: 103429584
id: 63, time: 327280.197645, res: 134672023
id: 63, time: 327280.197645, res: 101865259
id: 63, time: 327280.197645, res: 117201385
id: 63, time: 327280.197645, res: 81892315
id: 63, time: 327280.197645, res: 126554365
id: 63, time: 327280.197645, res: 127733986
id: 63, time: 327280.197645, res: 124598406
id: 64, time: 332284.616892, res: 88865836
id: 64, time: 332284.616892, res: 113026966
id: 64, time: 332284.616892, res: 68122851
id: 64, time: 332284.616892, res: 108982027
id: 64, time: 332284.616892, res: 106647944
id: 64, time: 332284.616892, res: 105465961
id: 64, time: 332284.616892, res: 131129827
id: 64, time: 332284.616892, res: 108857468
id: 65, time: 337631.544728, res: 134450841
id: 65, time: 337631.544728, res: 85053207
id: 65, time: 337631.544728, res: 119605797
id: 65, time: 337631.544728, res: 127340517
id: 65, time: 337631.544728, res: 124841689
id: 65, time: 337631.544728, res: 108772611
id: 65, time: 337631.544728, res: 107621381
id: 65, time: 337631.544728, res: 115870736
id: 66, time: 342863.880995, res: 156822725
id: 66, time: 342863.880995, res: 119402215
id: 66, time: 342863.880995, res: 106785742
id: 66, time: 342863.880995, res: 102572005
id: 66, time: 342863.880995, res: 101966572
id: 66, time: 342863.880995, res: 81349095
id: 66, time: 342863.880995, res: 88081102
id: 66, time: 342863.880995, res: 110393108
id: 67, time: 349684.598251, res: 118181897
id: 67, time: 349684.598251, res: 121972629
id: 67, time: 349684.598251, res: 108439496
id: 67, time: 349684.598251, res: 111812089
id: 67, time: 349684.598251, res: 99149755
id: 67, time: 349684.598251, res: 134454548
id: 67, time: 349684.598251, res: 107488464
id: 67, time: 349684.598251, res: 897392260
id: 68, time: 355167.10573, res: 160817324
id: 68, time: 355167.10573, res: 145873404
id: 68, time: 355167.10573, res: 138207848
id: 68, time: 355167.10573, res: 123212056
id: 68, time: 355167.10573, res: 98231420
id: 68, time: 355167.10573, res: 124149670
id: 68, time: 355167.10573, res: 87138407
id: 68, time: 355167.10573, res: 148141090
id: 69, time: 360186.838907, res: 144472224
id: 69, time: 360186.838907, res: 95882582
id: 69, time: 360186.838907, res: 99918677
id: 69, time: 360186.838907, res: 92845183
id: 69, time: 360186.838907, res: 135142445
id: 69, time: 360186.838907, res: 80154614
id: 69, time: 360186.838907, res: 98533294
id: 69, time: 360186.838907, res: 87653634
id: 70, time: 365261.535926, res: 86014232
id: 70, time: 365261.535926, res: 118162466
id: 70, time: 365261.535926, res: 111734247
id: 70, time: 365261.535926, res: 107496843
id: 70, time: 365261.535926, res: 144088684
id: 70, time: 365261.535926, res: 92399476
id: 70, time: 365261.535926, res: 115565200
id: 70, time: 365261.535926, res: 100727736
id: 71, time: 371954.160567, res: 84463482
id: 71, time: 371954.160567, res: 98205319
id: 71, time: 371954.160567, res: 113583615
id: 71, time: 371954.160567, res: 106458701
id: 71, time: 371954.160567, res: 112822107
id: 71, time: 371954.160567, res: 160173629
id: 71, time: 371954.160567, res: 138711484
id: 71, time: 371954.160567, res: 796391599
id: 72, time: 377458.653257, res: 102421367
id: 72, time: 377458.653257, res: 82690655
id: 72, time: 377458.653257, res: 116203613
id: 72, time: 377458.653257, res: 131338889
id: 72, time: 377458.653257, res: 126237118
id: 72, time: 377458.653257, res: 162262833
id: 72, time: 377458.653257, res: 108031638
id: 72, time: 377458.653257, res: 128369938
id: 73, time: 382697.050581, res: 144875785
id: 73, time: 382697.050581, res: 76041497
id: 73, time: 382697.050581, res: 105477365
id: 73, time: 382697.050581, res: 116132644
id: 73, time: 382697.050581, res: 90360650
id: 73, time: 382697.050581, res: 111328930
id: 73, time: 382697.050581, res: 103539584
id: 73, time: 382697.050581, res: 142652717
id: 74, time: 387773.228076, res: 98643145
id: 74, time: 387773.228076, res: 81029594
id: 74, time: 387773.228076, res: 107970415
id: 74, time: 387773.228076, res: 108928799
id: 74, time: 387773.228076, res: 115014349
id: 74, time: 387773.228076, res: 93522803
id: 74, time: 387773.228076, res: 90720470
id: 74, time: 387773.228076, res: 81693716
id: 75, time: 393111.081645, res: 97782859
id: 75, time: 393111.081645, res: 172188229
id: 75, time: 393111.081645, res: 108236043
id: 75, time: 393111.081645, res: 121831578
id: 75, time: 393111.081645, res: 86870546
id: 75, time: 393111.081645, res: 107565055
id: 75, time: 393111.081645, res: 121588553
id: 75, time: 393111.081645, res: 105481602
