id: 0, time: 2092.68116879, res: 8907669
id: 0, time: 2092.68116879, res: 11549832
id: 0, time: 2092.68116879, res: 10441573
id: 0, time: 2092.68116879, res: 13044623
id: 0, time: 2092.68116879, res: 10532782
id: 0, time: 2092.68116879, res: 8302632
id: 0, time: 2092.68116879, res: 13955121
id: 0, time: 2092.68116879, res: 15348746
id: 1, time: 4492.368155, res: 11941702
id: 1, time: 4492.368155, res: 22035191
id: 1, time: 4492.368155, res: 23149227
id: 1, time: 4492.368155, res: 16527854
id: 1, time: 4492.368155, res: 33672349
id: 1, time: 4492.368155, res: 18871352
id: 1, time: 4492.368155, res: 22368780
id: 1, time: 4492.368155, res: 16790822
id: 2, time: 6590.86470389, res: 1807959
id: 2, time: 6590.86470389, res: 11540680
id: 2, time: 6590.86470389, res: 2236269
id: 2, time: 6590.86470389, res: 9599348
id: 2, time: 6590.86470389, res: 7659559
id: 2, time: 6590.86470389, res: 20725354
id: 2, time: 6590.86470389, res: 8363531
id: 2, time: 6590.86470389, res: 21843550
id: 3, time: 9957.84914494, res: 22807262
id: 3, time: 9957.84914494, res: 22875178
id: 3, time: 9957.84914494, res: 24366408
id: 3, time: 9957.84914494, res: 21734557
id: 3, time: 9957.84914494, res: 15315889
id: 3, time: 9957.84914494, res: 25261118
id: 3, time: 9957.84914494, res: 19388913
id: 3, time: 9957.84914494, res: 75496160
id: 4, time: 12410.0668519, res: 20353562
id: 4, time: 12410.0668519, res: 27739228
id: 4, time: 12410.0668519, res: 23916369
id: 4, time: 12410.0668519, res: 18203204
id: 4, time: 12410.0668519, res: 21880675
id: 4, time: 12410.0668519, res: 11128989
id: 4, time: 12410.0668519, res: 15395956
id: 4, time: 12410.0668519, res: 31891518
id: 5, time: 14975.3946059, res: 29852119
id: 5, time: 14975.3946059, res: 25087065
id: 5, time: 14975.3946059, res: 18242935
id: 5, time: 14975.3946059, res: 21387642
id: 5, time: 14975.3946059, res: 20019782
id: 5, time: 14975.3946059, res: 19529390
id: 5, time: 14975.3946059, res: 20115366
id: 5, time: 14975.3946059, res: 15380188
id: 6, time: 17433.7509408, res: 18731748
id: 6, time: 17433.7509408, res: 22209173
id: 6, time: 17433.7509408, res: 28964751
id: 6, time: 17433.7509408, res: 20023302
id: 6, time: 17433.7509408, res: 19096751
id: 6, time: 17433.7509408, res: 21317854
id: 6, time: 17433.7509408, res: 18197829
id: 6, time: 17433.7509408, res: 33671307
id: 7, time: 19932.8384299, res: 19667998
id: 7, time: 19932.8384299, res: 14121257
id: 7, time: 19932.8384299, res: 13088455
id: 7, time: 19932.8384299, res: 25375682
id: 7, time: 19932.8384299, res: 18097163
id: 7, time: 19932.8384299, res: 29396443
id: 7, time: 19932.8384299, res: 21822436
id: 7, time: 19932.8384299, res: 31454352
id: 8, time: 22306.9468939, res: 12926311
id: 8, time: 22306.9468939, res: 17154703
id: 8, time: 22306.9468939, res: 26871475
id: 8, time: 22306.9468939, res: 21997715
id: 8, time: 22306.9468939, res: 13721956
id: 8, time: 22306.9468939, res: 23911182
id: 8, time: 22306.9468939, res: 22927662
id: 8, time: 22306.9468939, res: 26380975
id: 9, time: 24719.484314, res: 23053334
id: 9, time: 24719.484314, res: 21766083
id: 9, time: 24719.484314, res: 15179273
id: 9, time: 24719.484314, res: 22795282
id: 9, time: 24719.484314, res: 15543132
id: 9, time: 24719.484314, res: 24754325
id: 9, time: 24719.484314, res: 14696468
id: 9, time: 24719.484314, res: 9917847
id: 10, time: 27166.4045019, res: 21351791
id: 10, time: 27166.4045019, res: 22332544
id: 10, time: 27166.4045019, res: 19449245
id: 10, time: 27166.4045019, res: 15808256
id: 10, time: 27166.4045019, res: 23202389
id: 10, time: 27166.4045019, res: 22019028
id: 10, time: 27166.4045019, res: 19198127
id: 10, time: 27166.4045019, res: 14434125
id: 11, time: 29450.3866689, res: 11888918
id: 11, time: 29450.3866689, res: 16043055
id: 11, time: 29450.3866689, res: 12281162
id: 11, time: 29450.3866689, res: 19460617
id: 11, time: 29450.3866689, res: 14473460
id: 11, time: 29450.3866689, res: 13419223
id: 11, time: 29450.3866689, res: 11410931
id: 11, time: 29450.3866689, res: 23446240
id: 12, time: 31531.208704, res: 10336430
id: 12, time: 31531.208704, res: 14341695
id: 12, time: 31531.208704, res: 19524417
id: 12, time: 31531.208704, res: 10870179
id: 12, time: 31531.208704, res: 2340423
id: 12, time: 31531.208704, res: 10777529
id: 12, time: 31531.208704, res: 8738318
id: 12, time: 31531.208704, res: 14651079
id: 13, time: 33999.7208679, res: 21112184
id: 13, time: 33999.7208679, res: 15596032
id: 13, time: 33999.7208679, res: 26114949
id: 13, time: 33999.7208679, res: 12003754
id: 13, time: 33999.7208679, res: 22293376
id: 13, time: 33999.7208679, res: 26349243
id: 13, time: 33999.7208679, res: 24521289
id: 13, time: 33999.7208679, res: 27322827
id: 14, time: 36237.414593, res: 6108639
id: 14, time: 36237.414593, res: 16067324
id: 14, time: 36237.414593, res: 9579205
id: 14, time: 36237.414593, res: 21800968
id: 14, time: 36237.414593, res: 17725471
id: 14, time: 36237.414593, res: 17419831
id: 14, time: 36237.414593, res: 9631206
id: 14, time: 36237.414593, res: 13511641
id: 15, time: 38553.422437, res: 12300333
id: 15, time: 38553.422437, res: 16868377
id: 15, time: 38553.422437, res: 24493885
id: 15, time: 38553.422437, res: 18979737
id: 15, time: 38553.422437, res: 15647157
id: 15, time: 38553.422437, res: 18642310
id: 15, time: 38553.422437, res: 15161929
id: 15, time: 38553.422437, res: 18609433
id: 16, time: 40896.3350298, res: 16193532
id: 16, time: 40896.3350298, res: 11112298
id: 16, time: 40896.3350298, res: 22800943
id: 16, time: 40896.3350298, res: 19208485
id: 16, time: 40896.3350298, res: 26353455
id: 16, time: 40896.3350298, res: 19245781
id: 16, time: 40896.3350298, res: 27531033
id: 16, time: 40896.3350298, res: 11175167
id: 17, time: 43150.590446, res: 16749394
id: 17, time: 43150.590446, res: 10293695
id: 17, time: 43150.590446, res: 17775030
id: 17, time: 43150.590446, res: 13102349
id: 17, time: 43150.590446, res: 13777529
id: 17, time: 43150.590446, res: 20745186
id: 17, time: 43150.590446, res: 16418815
id: 17, time: 43150.590446, res: 18927257
id: 18, time: 45369.4188309, res: 19376617
id: 18, time: 45369.4188309, res: 13932135
id: 18, time: 45369.4188309, res: 10717214
id: 18, time: 45369.4188309, res: 7802691
id: 18, time: 45369.4188309, res: 18308873
id: 18, time: 45369.4188309, res: 12144528
id: 18, time: 45369.4188309, res: 9835278
id: 18, time: 45369.4188309, res: 16426890
id: 19, time: 47825.9627309, res: 23734706
id: 19, time: 47825.9627309, res: 19432275
id: 19, time: 47825.9627309, res: 21661060
id: 19, time: 47825.9627309, res: 16831411
id: 19, time: 47825.9627309, res: 21643145
id: 19, time: 47825.9627309, res: 19951881
id: 19, time: 47825.9627309, res: 19615015
id: 19, time: 47825.9627309, res: 25062415
id: 20, time: 50431.0314808, res: 29246321
id: 20, time: 50431.0314808, res: 22680657
id: 20, time: 50431.0314808, res: 21678422
id: 20, time: 50431.0314808, res: 20441704
id: 20, time: 50431.0314808, res: 28363381
id: 20, time: 50431.0314808, res: 17071243
id: 20, time: 50431.0314808, res: 32928386
id: 20, time: 50431.0314808, res: 20732743
id: 21, time: 52878.2301948, res: 23258722
id: 21, time: 52878.2301948, res: 22231680
id: 21, time: 52878.2301948, res: 15278786
id: 21, time: 52878.2301948, res: 12853496
id: 21, time: 52878.2301948, res: 27752600
id: 21, time: 52878.2301948, res: 19280172
id: 21, time: 52878.2301948, res: 19666459
id: 21, time: 52878.2301948, res: 23269408
id: 22, time: 55369.8993428, res: 17242294
id: 22, time: 55369.8993428, res: 23661467
id: 22, time: 55369.8993428, res: 19019761
id: 22, time: 55369.8993428, res: 18157075
id: 22, time: 55369.8993428, res: 25251709
id: 22, time: 55369.8993428, res: 20080208
id: 22, time: 55369.8993428, res: 27022715
id: 22, time: 55369.8993428, res: 24959713
id: 23, time: 58722.8366289, res: 18220256
id: 23, time: 58722.8366289, res: 20597226
id: 23, time: 58722.8366289, res: 26065524
id: 23, time: 58722.8366289, res: 27071693
id: 23, time: 58722.8366289, res: 23090684
id: 23, time: 58722.8366289, res: 26085470
id: 23, time: 58722.8366289, res: 30687882
id: 23, time: 58722.8366289, res: 85480485
id: 24, time: 61304.7333069, res: 24032068
id: 24, time: 61304.7333069, res: 25416993
id: 24, time: 61304.7333069, res: 29605858
id: 24, time: 61304.7333069, res: 16406994
id: 24, time: 61304.7333069, res: 30874328
id: 24, time: 61304.7333069, res: 26109306
id: 24, time: 61304.7333069, res: 17084306
id: 24, time: 61304.7333069, res: 23508783
id: 25, time: 63814.7863688, res: 15449397
id: 25, time: 63814.7863688, res: 19333945
id: 25, time: 63814.7863688, res: 31567907
id: 25, time: 63814.7863688, res: 20287878
id: 25, time: 63814.7863688, res: 20307217
id: 25, time: 63814.7863688, res: 26260075
id: 25, time: 63814.7863688, res: 19446002
id: 25, time: 63814.7863688, res: 17592139
id: 26, time: 66357.2304399, res: 15210702
id: 26, time: 66357.2304399, res: 21869736
id: 26, time: 66357.2304399, res: 23388119
id: 26, time: 66357.2304399, res: 25787052
id: 26, time: 66357.2304399, res: 17548008
id: 26, time: 66357.2304399, res: 30934212
id: 26, time: 66357.2304399, res: 20036795
id: 26, time: 66357.2304399, res: 28839255
id: 27, time: 69786.4149148, res: 25569569
id: 27, time: 69786.4149148, res: 26299191
id: 27, time: 69786.4149148, res: 29225392
id: 27, time: 69786.4149148, res: 13961162
id: 27, time: 69786.4149148, res: 21579551
id: 27, time: 69786.4149148, res: 23118647
id: 27, time: 69786.4149148, res: 73879118
id: 27, time: 69786.4149148, res: 82226309
id: 28, time: 72227.0391788, res: 17252582
id: 28, time: 72227.0391788, res: 8470855
id: 28, time: 72227.0391788, res: 12553877
id: 28, time: 72227.0391788, res: 21647558
id: 28, time: 72227.0391788, res: 24874422
id: 28, time: 72227.0391788, res: 16782618
id: 28, time: 72227.0391788, res: 20593353
id: 28, time: 72227.0391788, res: 29165117
id: 29, time: 74723.123158, res: 21916436
id: 29, time: 74723.123158, res: 24429627
id: 29, time: 74723.123158, res: 21240309
id: 29, time: 74723.123158, res: 16904072
id: 29, time: 74723.123158, res: 23652662
id: 29, time: 74723.123158, res: 23197726
id: 29, time: 74723.123158, res: 18106221
id: 29, time: 74723.123158, res: 19227722
id: 30, time: 77241.4283898, res: 24941637
id: 30, time: 77241.4283898, res: 14943591
id: 30, time: 77241.4283898, res: 27288790
id: 30, time: 77241.4283898, res: 19152179
id: 30, time: 77241.4283898, res: 36974137
id: 30, time: 77241.4283898, res: 24611972
id: 30, time: 77241.4283898, res: 18863119
id: 30, time: 77241.4283898, res: 26803723
