id: 0, time: 3357.77189302, res: 884766
id: 0, time: 3357.77189302, res: 87853
id: 0, time: 3357.77189302, res: 772105
id: 0, time: 3357.77189302, res: 47301
id: 0, time: 3357.77189302, res: 331042
id: 0, time: 3357.77189302, res: 456887
id: 0, time: 3357.77189302, res: 395231
id: 0, time: 3357.77189302, res: 1881686
id: 1, time: 5663.10363221, res: 520710
id: 1, time: 5663.10363221, res: 836
id: 1, time: 5663.10363221, res: 13617
id: 1, time: 5663.10363221, res: 97242
id: 1, time: 5663.10363221, res: 294151
id: 1, time: 5663.10363221, res: 235831
id: 1, time: 5663.10363221, res: 920784
id: 1, time: 5663.10363221, res: 851201
id: 2, time: 8362.48925805, res: 119502
id: 2, time: 8362.48925805, res: 67969
id: 2, time: 8362.48925805, res: 7228
id: 2, time: 8362.48925805, res: 26032
id: 2, time: 8362.48925805, res: 29987
id: 2, time: 8362.48925805, res: 104940
id: 2, time: 8362.48925805, res: 25479
id: 2, time: 8362.48925805, res: 25174
id: 3, time: 10914.7656262, res: 820043
id: 3, time: 10914.7656262, res: 933368
id: 3, time: 10914.7656262, res: 11626
id: 3, time: 10914.7656262, res: 169044
id: 3, time: 10914.7656262, res: 251807
id: 3, time: 10914.7656262, res: 1170555
id: 3, time: 10914.7656262, res: 400551
id: 3, time: 10914.7656262, res: 300142
id: 4, time: 14313.7916491, res: 157644
id: 4, time: 14313.7916491, res: 432459
id: 4, time: 14313.7916491, res: 91582
id: 4, time: 14313.7916491, res: 85571
id: 4, time: 14313.7916491, res: 380725
id: 4, time: 14313.7916491, res: 857909
id: 4, time: 14313.7916491, res: 1224222
id: 4, time: 14313.7916491, res: 232279
id: 5, time: 16760.3745182, res: 247048
id: 5, time: 16760.3745182, res: 588948
id: 5, time: 16760.3745182, res: 20504
id: 5, time: 16760.3745182, res: 54410
id: 5, time: 16760.3745182, res: 170156
id: 5, time: 16760.3745182, res: 245893
id: 5, time: 16760.3745182, res: 111854
id: 5, time: 16760.3745182, res: 245681
id: 6, time: 19221.5399022, res: 301863
id: 6, time: 19221.5399022, res: 1100918
id: 6, time: 19221.5399022, res: 68500
id: 6, time: 19221.5399022, res: 172462
id: 6, time: 19221.5399022, res: 866276
id: 6, time: 19221.5399022, res: 168292
id: 6, time: 19221.5399022, res: 67700
id: 6, time: 19221.5399022, res: 405859
id: 7, time: 22680.4113162, res: 553602
id: 7, time: 22680.4113162, res: 417903
id: 7, time: 22680.4113162, res: 802739
id: 7, time: 22680.4113162, res: 1045464
id: 7, time: 22680.4113162, res: 28866
id: 7, time: 22680.4113162, res: 476437
id: 7, time: 22680.4113162, res: 423422
id: 7, time: 22680.4113162, res: 1164531
id: 8, time: 25120.926475, res: 307854
id: 8, time: 25120.926475, res: 632354
id: 8, time: 25120.926475, res: 889555
id: 8, time: 25120.926475, res: 437840
id: 8, time: 25120.926475, res: 438387
id: 8, time: 25120.926475, res: 789297
id: 8, time: 25120.926475, res: 751770
id: 8, time: 25120.926475, res: 29058
id: 9, time: 27585.8966072, res: 354200
id: 9, time: 27585.8966072, res: 520943
id: 9, time: 27585.8966072, res: 691656
id: 9, time: 27585.8966072, res: 118616
id: 9, time: 27585.8966072, res: 319843
id: 9, time: 27585.8966072, res: 335351
id: 9, time: 27585.8966072, res: 41456
id: 9, time: 27585.8966072, res: 468341
id: 10, time: 30027.7531152, res: 359129
id: 10, time: 30027.7531152, res: 825949
id: 10, time: 30027.7531152, res: 710354
id: 10, time: 30027.7531152, res: 531993
id: 10, time: 30027.7531152, res: 333275
id: 10, time: 30027.7531152, res: 534490
id: 10, time: 30027.7531152, res: 504946
id: 10, time: 30027.7531152, res: 232249
id: 11, time: 32334.0099442, res: 338009
id: 11, time: 32334.0099442, res: 565891
id: 11, time: 32334.0099442, res: 447879
id: 11, time: 32334.0099442, res: 400427
id: 11, time: 32334.0099442, res: 32382
id: 11, time: 32334.0099442, res: 36152
id: 11, time: 32334.0099442, res: 234051
id: 11, time: 32334.0099442, res: 187312
id: 12, time: 34850.0485041, res: 283475
id: 12, time: 34850.0485041, res: 1197437
id: 12, time: 34850.0485041, res: 130450
id: 12, time: 34850.0485041, res: 240231
id: 12, time: 34850.0485041, res: 543171
id: 12, time: 34850.0485041, res: 959502
id: 12, time: 34850.0485041, res: 175874
id: 12, time: 34850.0485041, res: 230076
id: 13, time: 37303.010123, res: 426734
id: 13, time: 37303.010123, res: 665607
id: 13, time: 37303.010123, res: 759267
id: 13, time: 37303.010123, res: 144071
id: 13, time: 37303.010123, res: 360797
id: 13, time: 37303.010123, res: 153853
id: 13, time: 37303.010123, res: 361878
id: 13, time: 37303.010123, res: 881157
id: 14, time: 39712.5759361, res: 867380
id: 14, time: 39712.5759361, res: 63904
id: 14, time: 39712.5759361, res: 235459
id: 14, time: 39712.5759361, res: 764726
id: 14, time: 39712.5759361, res: 396107
id: 14, time: 39712.5759361, res: 24864
id: 14, time: 39712.5759361, res: 82685
id: 14, time: 39712.5759361, res: 182108
id: 15, time: 43010.4564071, res: 1006305
id: 15, time: 43010.4564071, res: 248507
id: 15, time: 43010.4564071, res: 453498
id: 15, time: 43010.4564071, res: 845077
id: 15, time: 43010.4564071, res: 188046
id: 15, time: 43010.4564071, res: 811563
id: 15, time: 43010.4564071, res: 2608194
id: 15, time: 43010.4564071, res: 123883
id: 16, time: 45476.2782621, res: 511854
id: 16, time: 45476.2782621, res: 521291
id: 16, time: 45476.2782621, res: 485196
id: 16, time: 45476.2782621, res: 495509
id: 16, time: 45476.2782621, res: 73706
id: 16, time: 45476.2782621, res: 560274
id: 16, time: 45476.2782621, res: 111782
id: 16, time: 45476.2782621, res: 325031
id: 17, time: 47905.1745491, res: 465514
id: 17, time: 47905.1745491, res: 425984
id: 17, time: 47905.1745491, res: 624679
id: 17, time: 47905.1745491, res: 67180
id: 17, time: 47905.1745491, res: 103385
id: 17, time: 47905.1745491, res: 719617
id: 17, time: 47905.1745491, res: 360450
id: 17, time: 47905.1745491, res: 295969
id: 18, time: 51149.983345, res: 556004
id: 18, time: 51149.983345, res: 588676
id: 18, time: 51149.983345, res: 103184
id: 18, time: 51149.983345, res: 266359
id: 18, time: 51149.983345, res: 564655
id: 18, time: 51149.983345, res: 825215
id: 18, time: 51149.983345, res: 400071
id: 18, time: 51149.983345, res: 89898
id: 19, time: 53592.904948, res: 280346
id: 19, time: 53592.904948, res: 828225
id: 19, time: 53592.904948, res: 872096
id: 19, time: 53592.904948, res: 93883
id: 19, time: 53592.904948, res: 111092
id: 19, time: 53592.904948, res: 52369
id: 19, time: 53592.904948, res: 574146
id: 19, time: 53592.904948, res: 902887
id: 20, time: 55955.955585, res: 392704
id: 20, time: 55955.955585, res: 480374
id: 20, time: 55955.955585, res: 406370
id: 20, time: 55955.955585, res: 50161
id: 20, time: 55955.955585, res: 77917
id: 20, time: 55955.955585, res: 154201
id: 20, time: 55955.955585, res: 75758
id: 20, time: 55955.955585, res: 480028
id: 21, time: 59226.5847762, res: 377148
id: 21, time: 59226.5847762, res: 539046
id: 21, time: 59226.5847762, res: 446223
id: 21, time: 59226.5847762, res: 671170
id: 21, time: 59226.5847762, res: 72980
id: 21, time: 59226.5847762, res: 593191
id: 21, time: 59226.5847762, res: 277740
id: 21, time: 59226.5847762, res: 1505586
id: 22, time: 61612.7922351, res: 162832
id: 22, time: 61612.7922351, res: 428393
id: 22, time: 61612.7922351, res: 739092
id: 22, time: 61612.7922351, res: 278013
id: 22, time: 61612.7922351, res: 478680
id: 22, time: 61612.7922351, res: 693307
id: 22, time: 61612.7922351, res: 261509
id: 22, time: 61612.7922351, res: 144176
id: 23, time: 63994.4369681, res: 388799
id: 23, time: 63994.4369681, res: 23650
id: 23, time: 63994.4369681, res: 163411
id: 23, time: 63994.4369681, res: 514972
id: 23, time: 63994.4369681, res: 416331
id: 23, time: 63994.4369681, res: 987363
id: 23, time: 63994.4369681, res: 250211
id: 23, time: 63994.4369681, res: 328541
id: 24, time: 66384.143892, res: 799522
id: 24, time: 66384.143892, res: 540403
id: 24, time: 66384.143892, res: 764180
id: 24, time: 66384.143892, res: 796117
id: 24, time: 66384.143892, res: 213016
id: 24, time: 66384.143892, res: 373559
id: 24, time: 66384.143892, res: 358607
id: 24, time: 66384.143892, res: 20362
id: 25, time: 68836.578439, res: 731036
id: 25, time: 68836.578439, res: 515404
id: 25, time: 68836.578439, res: 737501
id: 25, time: 68836.578439, res: 917369
id: 25, time: 68836.578439, res: 33009
id: 25, time: 68836.578439, res: 426980
id: 25, time: 68836.578439, res: 674122
id: 25, time: 68836.578439, res: 161668
id: 26, time: 71136.806731, res: 472148
id: 26, time: 71136.806731, res: 570454
id: 26, time: 71136.806731, res: 529245
id: 26, time: 71136.806731, res: 567683
id: 26, time: 71136.806731, res: 7990
id: 26, time: 71136.806731, res: 596262
id: 26, time: 71136.806731, res: 3889
id: 26, time: 71136.806731, res: 141482
id: 27, time: 73487.8963141, res: 363511
id: 27, time: 73487.8963141, res: 407250
id: 27, time: 73487.8963141, res: 564929
id: 27, time: 73487.8963141, res: 614704
id: 27, time: 73487.8963141, res: 78213
id: 27, time: 73487.8963141, res: 128012
id: 27, time: 73487.8963141, res: 407261
id: 27, time: 73487.8963141, res: 358916
id: 28, time: 75507.050086, res: 185252
id: 28, time: 75507.050086, res: 112792
id: 28, time: 75507.050086, res: 271797
id: 28, time: 75507.050086, res: 336924
id: 28, time: 75507.050086, res: 177760
id: 28, time: 75507.050086, res: 134733
id: 28, time: 75507.050086, res: 147493
id: 28, time: 75507.050086, res: 527063
id: 29, time: 78905.0019011, res: 703757
id: 29, time: 78905.0019011, res: 539327
id: 29, time: 78905.0019011, res: 946380
id: 29, time: 78905.0019011, res: 37934
id: 29, time: 78905.0019011, res: 40919
id: 29, time: 78905.0019011, res: 222710
id: 29, time: 78905.0019011, res: 36278
id: 29, time: 78905.0019011, res: 2386307
id: 30, time: 81530.8271852, res: 511372
id: 30, time: 81530.8271852, res: 565744
id: 30, time: 81530.8271852, res: 621242
id: 30, time: 81530.8271852, res: 498339
id: 30, time: 81530.8271852, res: 1211091
id: 30, time: 81530.8271852, res: 305638
id: 30, time: 81530.8271852, res: 232427
id: 30, time: 81530.8271852, res: 364148
id: 31, time: 83563.526973, res: 162455
id: 31, time: 83563.526973, res: 258279
id: 31, time: 83563.526973, res: 88305
id: 31, time: 83563.526973, res: 235477
id: 31, time: 83563.526973, res: 1400
id: 31, time: 83563.526973, res: 224150
id: 31, time: 83563.526973, res: 31140
id: 31, time: 83563.526973, res: 45742
id: 32, time: 85805.706738, res: 213713
id: 32, time: 85805.706738, res: 439312
id: 32, time: 85805.706738, res: 323824
id: 32, time: 85805.706738, res: 465361
id: 32, time: 85805.706738, res: 186481
id: 32, time: 85805.706738, res: 259187
id: 32, time: 85805.706738, res: 478000
id: 32, time: 85805.706738, res: 392298
id: 33, time: 88155.3983641, res: 230474
id: 33, time: 88155.3983641, res: 613038
id: 33, time: 88155.3983641, res: 619478
id: 33, time: 88155.3983641, res: 726461
id: 33, time: 88155.3983641, res: 157288
id: 33, time: 88155.3983641, res: 473087
id: 33, time: 88155.3983641, res: 748929
id: 33, time: 88155.3983641, res: 153412
id: 34, time: 91472.6355681, res: 515731
id: 34, time: 91472.6355681, res: 33043
id: 34, time: 91472.6355681, res: 47322
id: 34, time: 91472.6355681, res: 187978
id: 34, time: 91472.6355681, res: 165857
id: 34, time: 91472.6355681, res: 311220
id: 34, time: 91472.6355681, res: 451890
id: 34, time: 91472.6355681, res: 971679
id: 35, time: 94810.0218601, res: 360614
id: 35, time: 94810.0218601, res: 498622
id: 35, time: 94810.0218601, res: 669600
id: 35, time: 94810.0218601, res: 467086
id: 35, time: 94810.0218601, res: 194362
id: 35, time: 94810.0218601, res: 327501
id: 35, time: 94810.0218601, res: 410882
id: 35, time: 94810.0218601, res: 2244658
id: 36, time: 97187.7745221, res: 256416
id: 36, time: 97187.7745221, res: 470285
id: 36, time: 97187.7745221, res: 822727
id: 36, time: 97187.7745221, res: 204928
id: 36, time: 97187.7745221, res: 225711
id: 36, time: 97187.7745221, res: 362008
id: 36, time: 97187.7745221, res: 31716
id: 36, time: 97187.7745221, res: 260372
id: 37, time: 99528.9564221, res: 853608
id: 37, time: 99528.9564221, res: 19902
id: 37, time: 99528.9564221, res: 85454
id: 37, time: 99528.9564221, res: 401949
id: 37, time: 99528.9564221, res: 597188
id: 37, time: 99528.9564221, res: 86650
id: 37, time: 99528.9564221, res: 112437
id: 37, time: 99528.9564221, res: 559129
id: 38, time: 101860.85945, res: 503012
id: 38, time: 101860.85945, res: 485899
id: 38, time: 101860.85945, res: 534492
id: 38, time: 101860.85945, res: 124288
id: 38, time: 101860.85945, res: 201279
id: 38, time: 101860.85945, res: 439264
id: 38, time: 101860.85945, res: 367623
id: 38, time: 101860.85945, res: 636015
id: 39, time: 105249.391893, res: 839737
id: 39, time: 105249.391893, res: 723538
id: 39, time: 105249.391893, res: 539877
id: 39, time: 105249.391893, res: 822012
id: 39, time: 105249.391893, res: 1069742
id: 39, time: 105249.391893, res: 69699
id: 39, time: 105249.391893, res: 1606711
id: 39, time: 105249.391893, res: 358999
id: 40, time: 107720.820715, res: 383481
id: 40, time: 107720.820715, res: 722666
id: 40, time: 107720.820715, res: 77491
id: 40, time: 107720.820715, res: 355210
id: 40, time: 107720.820715, res: 451598
id: 40, time: 107720.820715, res: 86732
id: 40, time: 107720.820715, res: 145303
id: 40, time: 107720.820715, res: 562927
id: 41, time: 110058.760672, res: 485167
id: 41, time: 110058.760672, res: 1081086
id: 41, time: 110058.760672, res: 37155
id: 41, time: 110058.760672, res: 56723
id: 41, time: 110058.760672, res: 106333
id: 41, time: 110058.760672, res: 211004
id: 41, time: 110058.760672, res: 559192
id: 41, time: 110058.760672, res: 40022
id: 42, time: 112497.455117, res: 174463
id: 42, time: 112497.455117, res: 539882
id: 42, time: 112497.455117, res: 719995
id: 42, time: 112497.455117, res: 22820
id: 42, time: 112497.455117, res: 33378
id: 42, time: 112497.455117, res: 446552
id: 42, time: 112497.455117, res: 263857
id: 42, time: 112497.455117, res: 478500
id: 43, time: 115833.989435, res: 458313
id: 43, time: 115833.989435, res: 361529
id: 43, time: 115833.989435, res: 518651
id: 43, time: 115833.989435, res: 591110
id: 43, time: 115833.989435, res: 138610
id: 43, time: 115833.989435, res: 926531
id: 43, time: 115833.989435, res: 680094
id: 43, time: 115833.989435, res: 964579
id: 44, time: 117990.074139, res: 525146
id: 44, time: 117990.074139, res: 507245
id: 44, time: 117990.074139, res: 29100
id: 44, time: 117990.074139, res: 43146
id: 44, time: 117990.074139, res: 6689
id: 44, time: 117990.074139, res: 206506
id: 44, time: 117990.074139, res: 146009
id: 44, time: 117990.074139, res: 201283
id: 45, time: 120400.157143, res: 234833
id: 45, time: 120400.157143, res: 746707
id: 45, time: 120400.157143, res: 449359
id: 45, time: 120400.157143, res: 134376
id: 45, time: 120400.157143, res: 308418
id: 45, time: 120400.157143, res: 255559
id: 45, time: 120400.157143, res: 221638
id: 45, time: 120400.157143, res: 546997
id: 46, time: 123197.358561, res: 203912
id: 46, time: 123197.358561, res: 142680
id: 46, time: 123197.358561, res: 130293
id: 46, time: 123197.358561, res: 190956
id: 46, time: 123197.358561, res: 180155
id: 46, time: 123197.358561, res: 268320
id: 46, time: 123197.358561, res: 77331
id: 46, time: 123197.358561, res: 112195
id: 47, time: 125747.153159, res: 278197
id: 47, time: 125747.153159, res: 365068
id: 47, time: 125747.153159, res: 417963
id: 47, time: 125747.153159, res: 567549
id: 47, time: 125747.153159, res: 930420
id: 47, time: 125747.153159, res: 491520
id: 47, time: 125747.153159, res: 257004
id: 47, time: 125747.153159, res: 430920
id: 48, time: 128101.132058, res: 809560
id: 48, time: 128101.132058, res: 464796
id: 48, time: 128101.132058, res: 51110
id: 48, time: 128101.132058, res: 163364
id: 48, time: 128101.132058, res: 188009
id: 48, time: 128101.132058, res: 158295
id: 48, time: 128101.132058, res: 58875
id: 48, time: 128101.132058, res: 376880
id: 49, time: 130516.306462, res: 289803
id: 49, time: 130516.306462, res: 305011
id: 49, time: 130516.306462, res: 393550
id: 49, time: 130516.306462, res: 404326
id: 49, time: 130516.306462, res: 302811
id: 49, time: 130516.306462, res: 64583
id: 49, time: 130516.306462, res: 104361
id: 49, time: 130516.306462, res: 520957
id: 50, time: 132913.85461, res: 197897
id: 50, time: 132913.85461, res: 330919
id: 50, time: 132913.85461, res: 712469
id: 50, time: 132913.85461, res: 89695
id: 50, time: 132913.85461, res: 205722
id: 50, time: 132913.85461, res: 110203
id: 50, time: 132913.85461, res: 247980
id: 50, time: 132913.85461, res: 528616
id: 51, time: 135417.846506, res: 797955
id: 51, time: 135417.846506, res: 50860
id: 51, time: 135417.846506, res: 112010
id: 51, time: 135417.846506, res: 880421
id: 51, time: 135417.846506, res: 646881
id: 51, time: 135417.846506, res: 574084
id: 51, time: 135417.846506, res: 318007
id: 51, time: 135417.846506, res: 358336
id: 52, time: 138796.277841, res: 420594
id: 52, time: 138796.277841, res: 647493
id: 52, time: 138796.277841, res: 631612
id: 52, time: 138796.277841, res: 229697
id: 52, time: 138796.277841, res: 525857
id: 52, time: 138796.277841, res: 137371
id: 52, time: 138796.277841, res: 444615
id: 52, time: 138796.277841, res: 277397
id: 53, time: 142093.505018, res: 738502
id: 53, time: 142093.505018, res: 728514
id: 53, time: 142093.505018, res: 116215
id: 53, time: 142093.505018, res: 247112
id: 53, time: 142093.505018, res: 296307
id: 53, time: 142093.505018, res: 263128
id: 53, time: 142093.505018, res: 406406
id: 53, time: 142093.505018, res: 152364
id: 54, time: 145374.822636, res: 699050
id: 54, time: 145374.822636, res: 145359
id: 54, time: 145374.822636, res: 500981
id: 54, time: 145374.822636, res: 436693
id: 54, time: 145374.822636, res: 50454
id: 54, time: 145374.822636, res: 152012
id: 54, time: 145374.822636, res: 426211
id: 54, time: 145374.822636, res: 2146808
id: 55, time: 148604.211303, res: 349076
id: 55, time: 148604.211303, res: 562860
id: 55, time: 148604.211303, res: 746391
id: 55, time: 148604.211303, res: 44758
id: 55, time: 148604.211303, res: 530319
id: 55, time: 148604.211303, res: 484418
id: 55, time: 148604.211303, res: 503783
id: 55, time: 148604.211303, res: 1191713
id: 56, time: 150928.681896, res: 455321
id: 56, time: 150928.681896, res: 446296
id: 56, time: 150928.681896, res: 668982
id: 56, time: 150928.681896, res: 56803
id: 56, time: 150928.681896, res: 210010
id: 56, time: 150928.681896, res: 354950
id: 56, time: 150928.681896, res: 745934
id: 56, time: 150928.681896, res: 815560
id: 57, time: 153053.396975, res: 216229
id: 57, time: 153053.396975, res: 271757
id: 57, time: 153053.396975, res: 15839
id: 57, time: 153053.396975, res: 34353
id: 57, time: 153053.396975, res: 50320
id: 57, time: 153053.396975, res: 153916
id: 57, time: 153053.396975, res: 613418
id: 57, time: 153053.396975, res: 137822
id: 58, time: 155289.558509, res: 205197
id: 58, time: 155289.558509, res: 377982
id: 58, time: 155289.558509, res: 153796
id: 58, time: 155289.558509, res: 368673
id: 58, time: 155289.558509, res: 376847
id: 58, time: 155289.558509, res: 112299
id: 58, time: 155289.558509, res: 202992
id: 58, time: 155289.558509, res: 383913
id: 59, time: 158730.659498, res: 398502
id: 59, time: 158730.659498, res: 605185
id: 59, time: 158730.659498, res: 262224
id: 59, time: 158730.659498, res: 756329
id: 59, time: 158730.659498, res: 648591
id: 59, time: 158730.659498, res: 439691
id: 59, time: 158730.659498, res: 525822
id: 59, time: 158730.659498, res: 1662171
id: 60, time: 161100.695425, res: 864213
id: 60, time: 161100.695425, res: 505650
id: 60, time: 161100.695425, res: 470966
id: 60, time: 161100.695425, res: 324367
id: 60, time: 161100.695425, res: 723820
id: 60, time: 161100.695425, res: 614408
id: 60, time: 161100.695425, res: 10088
id: 60, time: 161100.695425, res: 353828
id: 61, time: 163524.288699, res: 499622
id: 61, time: 163524.288699, res: 358874
id: 61, time: 163524.288699, res: 579923
id: 61, time: 163524.288699, res: 358330
id: 61, time: 163524.288699, res: 767746
id: 61, time: 163524.288699, res: 32926
id: 61, time: 163524.288699, res: 330851
id: 61, time: 163524.288699, res: 64001
id: 62, time: 166002.230504, res: 364754
id: 62, time: 166002.230504, res: 604170
id: 62, time: 166002.230504, res: 683509
id: 62, time: 166002.230504, res: 76693
id: 62, time: 166002.230504, res: 137353
id: 62, time: 166002.230504, res: 266975
id: 62, time: 166002.230504, res: 290246
id: 62, time: 166002.230504, res: 333220
id: 63, time: 168452.183887, res: 456097
id: 63, time: 168452.183887, res: 509826
id: 63, time: 168452.183887, res: 878044
id: 63, time: 168452.183887, res: 122618
id: 63, time: 168452.183887, res: 557497
id: 63, time: 168452.183887, res: 377733
id: 63, time: 168452.183887, res: 405217
id: 63, time: 168452.183887, res: 593277
id: 64, time: 170437.448772, res: 103952
id: 64, time: 170437.448772, res: 53470
id: 64, time: 170437.448772, res: 58900
id: 64, time: 170437.448772, res: 108264
id: 64, time: 170437.448772, res: 116578
id: 64, time: 170437.448772, res: 176296
id: 64, time: 170437.448772, res: 11917
id: 64, time: 170437.448772, res: 35151
id: 65, time: 172722.39739, res: 277877
id: 65, time: 172722.39739, res: 408465
id: 65, time: 172722.39739, res: 433349
id: 65, time: 172722.39739, res: 510570
id: 65, time: 172722.39739, res: 363340
id: 65, time: 172722.39739, res: 47069
id: 65, time: 172722.39739, res: 47876
id: 65, time: 172722.39739, res: 77257
id: 66, time: 175833.367005, res: 278056
id: 66, time: 175833.367005, res: 28246
id: 66, time: 175833.367005, res: 229066
id: 66, time: 175833.367005, res: 488109
id: 66, time: 175833.367005, res: 506421
id: 66, time: 175833.367005, res: 84677
id: 66, time: 175833.367005, res: 336660
id: 66, time: 175833.367005, res: 74716
id: 67, time: 178253.911354, res: 370182
id: 67, time: 178253.911354, res: 375516
id: 67, time: 178253.911354, res: 666772
id: 67, time: 178253.911354, res: 580111
id: 67, time: 178253.911354, res: 603762
id: 67, time: 178253.911354, res: 528367
id: 67, time: 178253.911354, res: 905463
id: 67, time: 178253.911354, res: 483596
id: 68, time: 180484.99798, res: 429854
id: 68, time: 180484.99798, res: 405311
id: 68, time: 180484.99798, res: 529895
id: 68, time: 180484.99798, res: 573762
id: 68, time: 180484.99798, res: 73406
id: 68, time: 180484.99798, res: 341554
id: 68, time: 180484.99798, res: 56693
id: 68, time: 180484.99798, res: 64997
id: 69, time: 182992.752497, res: 332810
id: 69, time: 182992.752497, res: 383140
id: 69, time: 182992.752497, res: 313160
id: 69, time: 182992.752497, res: 662447
id: 69, time: 182992.752497, res: 193457
id: 69, time: 182992.752497, res: 244380
id: 69, time: 182992.752497, res: 376594
id: 69, time: 182992.752497, res: 798991
id: 70, time: 185434.043508, res: 474121
id: 70, time: 185434.043508, res: 506791
id: 70, time: 185434.043508, res: 649480
id: 70, time: 185434.043508, res: 699001
id: 70, time: 185434.043508, res: 926487
id: 70, time: 185434.043508, res: 30720
id: 70, time: 185434.043508, res: 203166
id: 70, time: 185434.043508, res: 743498
id: 71, time: 187554.927846, res: 108690
id: 71, time: 187554.927846, res: 295861
id: 71, time: 187554.927846, res: 397279
id: 71, time: 187554.927846, res: 49251
id: 71, time: 187554.927846, res: 106608
id: 71, time: 187554.927846, res: 186745
id: 71, time: 187554.927846, res: 1002
id: 71, time: 187554.927846, res: 501622
id: 72, time: 191029.468351, res: 605643
id: 72, time: 191029.468351, res: 445252
id: 72, time: 191029.468351, res: 854170
id: 72, time: 191029.468351, res: 280487
id: 72, time: 191029.468351, res: 181576
id: 72, time: 191029.468351, res: 443039
id: 72, time: 191029.468351, res: 19670
id: 72, time: 191029.468351, res: 2581321
