3347.943166 -607108.875
5653.177766 -366796.5
8352.640345 -50788.875
10904.818832 -507142.0
14303.942859 -432798.875
16750.452558 -210561.75
19211.640205 -393983.75
22670.542263 -614120.5
25111.083979 -534514.375
27576.797347 -356300.75
30017.969857 -504048.125
32324.180566 -280262.875
34840.175059 -470027.0
37293.087764 -469170.5
39702.805243 -327154.125
43000.629871 -785634.125
45466.413372 -385580.375
47895.416586 -382847.25
51140.261968 -424257.75
53583.096183 -464380.5
55946.124119 -264689.125
59216.789226 -560385.5
61603.153842 -398250.25
63984.536526 -384159.75
66374.32442 -483220.75
68826.946853 -524636.125
71126.934496 -361144.125
73478.026807 -365349.5
75497.278606 -236726.75
78895.090933 -614201.5
81521.001637 -538750.125
83553.67125 -130868.5
85795.789601 -344772.0
88145.547742 -465270.875
91462.894199 -335590.0
94800.174376 -646665.625
97177.879911 -329270.375
99519.086562 -339539.625
101851.135973 -411484.0
105239.521703 -753789.375
107710.936425 -348176.0
110048.892505 -322085.25
112487.592421 -334930.875
115824.084088 -579927.125
117980.199207 -208140.5
120391.520116 -362235.875
123187.389066 -163230.25
125737.210506 -467330.125
128091.265869 -283861.125
130506.381514 -298175.25
132904.052094 -302937.625
135408.105431 -467319.25
138786.517904 -414329.5
142083.698135 -368568.5
145364.939827 -569696.0
148594.346411 -551664.75
150918.898494 -469232.0
153043.601331 -186706.75
155279.807768 -272712.375
158720.757667 -662314.375
161090.806886 -483417.5
163514.50059 -374034.125
165992.316895 -344615.0
168442.391472 -487538.625
170427.636823 -83066.0
172712.501786 -270725.375
175823.494932 -253243.875
178244.157366 -564221.125
180475.075192 -309434.0
182982.890935 -413122.375
185424.209355 -529158.0
187545.075584 -205882.25
