id: 0, time: 1478.80145311, res: 749133
id: 0, time: 1478.80145311, res: 402358
id: 0, time: 1478.80145311, res: 1085178
id: 0, time: 1478.80145311, res: 1322982
id: 0, time: 1478.80145311, res: 1928679
id: 0, time: 1478.80145311, res: 1920788
id: 0, time: 1478.80145311, res: 2495660
id: 0, time: 1478.80145311, res: 374527
id: 1, time: 3089.12162304, res: 1592092
id: 1, time: 3089.12162304, res: 2255303
id: 1, time: 3089.12162304, res: 1514687
id: 1, time: 3089.12162304, res: 2123769
id: 1, time: 3089.12162304, res: 1283182
id: 1, time: 3089.12162304, res: 876315
id: 1, time: 3089.12162304, res: 1543385
id: 1, time: 3089.12162304, res: 1087020
id: 2, time: 4591.18803906, res: 714798
id: 2, time: 4591.18803906, res: 975110
id: 2, time: 4591.18803906, res: 1741305
id: 2, time: 4591.18803906, res: 1342589
id: 2, time: 4591.18803906, res: 761115
id: 2, time: 4591.18803906, res: 2270129
id: 2, time: 4591.18803906, res: 3077108
id: 2, time: 4591.18803906, res: 103609
id: 3, time: 6011.21870804, res: 566383
id: 3, time: 6011.21870804, res: 2045461
id: 3, time: 6011.21870804, res: 1880069
id: 3, time: 6011.21870804, res: 431808
id: 3, time: 6011.21870804, res: 1439713
id: 3, time: 6011.21870804, res: 259150
id: 3, time: 6011.21870804, res: 219866
id: 3, time: 6011.21870804, res: 742048
id: 4, time: 7518.57178998, res: 1316310
id: 4, time: 7518.57178998, res: 465752
id: 4, time: 7518.57178998, res: 939424
id: 4, time: 7518.57178998, res: 1562573
id: 4, time: 7518.57178998, res: 1522968
id: 4, time: 7518.57178998, res: 1300447
id: 4, time: 7518.57178998, res: 1902161
id: 4, time: 7518.57178998, res: 1019249
id: 5, time: 9137.92686605, res: 1632509
id: 5, time: 9137.92686605, res: 1508942
id: 5, time: 9137.92686605, res: 1862727
id: 5, time: 9137.92686605, res: 1940545
id: 5, time: 9137.92686605, res: 2507726
id: 5, time: 9137.92686605, res: 3384361
id: 5, time: 9137.92686605, res: 1711425
id: 5, time: 9137.92686605, res: 807586
id: 6, time: 10433.9751081, res: 301716
id: 6, time: 10433.9751081, res: 976955
id: 6, time: 10433.9751081, res: 796208
id: 6, time: 10433.9751081, res: 272639
id: 6, time: 10433.9751081, res: 5725
id: 6, time: 10433.9751081, res: 125673
id: 6, time: 10433.9751081, res: 133194
id: 6, time: 10433.9751081, res: 1
id: 7, time: 11834.3468881, res: 818472
id: 7, time: 11834.3468881, res: 494865
id: 7, time: 11834.3468881, res: 269670
id: 7, time: 11834.3468881, res: 770889
id: 7, time: 11834.3468881, res: 1153067
id: 7, time: 11834.3468881, res: 200070
id: 7, time: 11834.3468881, res: 407000
id: 7, time: 11834.3468881, res: 1767472
id: 8, time: 13408.7651081, res: 726488
id: 8, time: 13408.7651081, res: 870652
id: 8, time: 13408.7651081, res: 2276272
id: 8, time: 13408.7651081, res: 2871921
id: 8, time: 13408.7651081, res: 1542519
id: 8, time: 13408.7651081, res: 1154463
id: 8, time: 13408.7651081, res: 1342474
id: 8, time: 13408.7651081, res: 563859
id: 9, time: 14822.4129591, res: 1
id: 9, time: 14822.4129591, res: 935251
id: 9, time: 14822.4129591, res: 354037
id: 9, time: 14822.4129591, res: 658846
id: 9, time: 14822.4129591, res: 965378
id: 9, time: 14822.4129591, res: 1790108
id: 9, time: 14822.4129591, res: 36473
id: 9, time: 14822.4129591, res: 1
id: 10, time: 16370.104847, res: 1399450
id: 10, time: 16370.104847, res: 2303564
id: 10, time: 16370.104847, res: 589830
id: 10, time: 16370.104847, res: 1145298
id: 10, time: 16370.104847, res: 836386
id: 10, time: 16370.104847, res: 535996
id: 10, time: 16370.104847, res: 1375836
id: 10, time: 16370.104847, res: 2342450
id: 11, time: 17920.6518919, res: 969190
id: 11, time: 17920.6518919, res: 2044271
id: 11, time: 17920.6518919, res: 683659
id: 11, time: 17920.6518919, res: 2969508
id: 11, time: 17920.6518919, res: 703029
id: 11, time: 17920.6518919, res: 683381
id: 11, time: 17920.6518919, res: 331481
id: 11, time: 17920.6518919, res: 1338430
id: 12, time: 19458.7897329, res: 1166885
id: 12, time: 19458.7897329, res: 605129
id: 12, time: 19458.7897329, res: 2766685
id: 12, time: 19458.7897329, res: 802385
id: 12, time: 19458.7897329, res: 2252762
id: 12, time: 19458.7897329, res: 1357822
id: 12, time: 19458.7897329, res: 854491
id: 12, time: 19458.7897329, res: 835070
id: 13, time: 20933.5167141, res: 933094
id: 13, time: 20933.5167141, res: 848766
id: 13, time: 20933.5167141, res: 863901
id: 13, time: 20933.5167141, res: 817022
id: 13, time: 20933.5167141, res: 1381113
id: 13, time: 20933.5167141, res: 1762218
id: 13, time: 20933.5167141, res: 1102584
id: 13, time: 20933.5167141, res: 519769
id: 14, time: 22495.5029559, res: 1090408
id: 14, time: 22495.5029559, res: 2066471
id: 14, time: 22495.5029559, res: 976860
id: 14, time: 22495.5029559, res: 1189814
id: 14, time: 22495.5029559, res: 1013990
id: 14, time: 22495.5029559, res: 1564803
id: 14, time: 22495.5029559, res: 1551157
id: 14, time: 22495.5029559, res: 1162859
id: 15, time: 24085.2576771, res: 897800
id: 15, time: 24085.2576771, res: 2047009
id: 15, time: 24085.2576771, res: 2615362
id: 15, time: 24085.2576771, res: 1600469
id: 15, time: 24085.2576771, res: 2109257
id: 15, time: 24085.2576771, res: 1760846
id: 15, time: 24085.2576771, res: 982482
id: 15, time: 24085.2576771, res: 1398557
id: 16, time: 25612.5122221, res: 1836961
id: 16, time: 25612.5122221, res: 432484
id: 16, time: 25612.5122221, res: 624985
id: 16, time: 25612.5122221, res: 367684
id: 16, time: 25612.5122221, res: 1238209
id: 16, time: 25612.5122221, res: 1299101
id: 16, time: 25612.5122221, res: 937719
id: 16, time: 25612.5122221, res: 1012392
id: 17, time: 26983.342068, res: 513227
id: 17, time: 26983.342068, res: 228462
id: 17, time: 26983.342068, res: 1294790
id: 17, time: 26983.342068, res: 711769
id: 17, time: 26983.342068, res: 1118669
id: 17, time: 26983.342068, res: 706181
id: 17, time: 26983.342068, res: 41953
id: 17, time: 26983.342068, res: 451974
id: 18, time: 28262.800894, res: 252460
id: 18, time: 28262.800894, res: 1
id: 18, time: 28262.800894, res: 1
id: 18, time: 28262.800894, res: 411931
id: 18, time: 28262.800894, res: 1
id: 18, time: 28262.800894, res: 1
id: 18, time: 28262.800894, res: 356889
id: 18, time: 28262.800894, res: 470725
id: 19, time: 29657.672786, res: 543565
id: 19, time: 29657.672786, res: 39776
id: 19, time: 29657.672786, res: 985327
id: 19, time: 29657.672786, res: 768412
id: 19, time: 29657.672786, res: 842920
id: 19, time: 29657.672786, res: 833522
id: 19, time: 29657.672786, res: 312346
id: 19, time: 29657.672786, res: 661393
id: 20, time: 31145.877764, res: 722403
id: 20, time: 31145.877764, res: 471944
id: 20, time: 31145.877764, res: 740289
id: 20, time: 31145.877764, res: 1712227
id: 20, time: 31145.877764, res: 744607
id: 20, time: 31145.877764, res: 1247994
id: 20, time: 31145.877764, res: 1185151
id: 20, time: 31145.877764, res: 592095
id: 21, time: 32701.265151, res: 2168658
id: 21, time: 32701.265151, res: 1227538
id: 21, time: 32701.265151, res: 1928084
id: 21, time: 32701.265151, res: 911377
id: 21, time: 32701.265151, res: 727436
id: 21, time: 32701.265151, res: 798953
id: 21, time: 32701.265151, res: 1429230
id: 21, time: 32701.265151, res: 899254
id: 22, time: 34264.9498219, res: 531915
id: 22, time: 34264.9498219, res: 1290792
id: 22, time: 34264.9498219, res: 886649
id: 22, time: 34264.9498219, res: 782948
id: 22, time: 34264.9498219, res: 1238419
id: 22, time: 34264.9498219, res: 1578752
id: 22, time: 34264.9498219, res: 1936391
id: 22, time: 34264.9498219, res: 1916577
id: 23, time: 35873.492522, res: 771144
id: 23, time: 35873.492522, res: 1946511
id: 23, time: 35873.492522, res: 1029185
id: 23, time: 35873.492522, res: 674825
id: 23, time: 35873.492522, res: 1669741
id: 23, time: 35873.492522, res: 1357609
id: 23, time: 35873.492522, res: 2252302
id: 23, time: 35873.492522, res: 3162672
id: 24, time: 37434.9187341, res: 741701
id: 24, time: 37434.9187341, res: 1369688
id: 24, time: 37434.9187341, res: 1288326
id: 24, time: 37434.9187341, res: 520836
id: 24, time: 37434.9187341, res: 1442910
id: 24, time: 37434.9187341, res: 803734
id: 24, time: 37434.9187341, res: 3429638
id: 24, time: 37434.9187341, res: 1268770
id: 25, time: 38980.1284649, res: 458589
id: 25, time: 38980.1284649, res: 1409141
id: 25, time: 38980.1284649, res: 1655570
id: 25, time: 38980.1284649, res: 721209
id: 25, time: 38980.1284649, res: 564232
id: 25, time: 38980.1284649, res: 1245657
id: 25, time: 38980.1284649, res: 1524194
id: 25, time: 38980.1284649, res: 1596398
id: 26, time: 40567.3912899, res: 1520707
id: 26, time: 40567.3912899, res: 1089814
id: 26, time: 40567.3912899, res: 1213139
id: 26, time: 40567.3912899, res: 2130973
id: 26, time: 40567.3912899, res: 623478
id: 26, time: 40567.3912899, res: 1690290
id: 26, time: 40567.3912899, res: 1430662
id: 26, time: 40567.3912899, res: 1138035
id: 27, time: 42007.667371, res: 142302
id: 27, time: 42007.667371, res: 578167
id: 27, time: 42007.667371, res: 1040657
id: 27, time: 42007.667371, res: 1571562
id: 27, time: 42007.667371, res: 1604980
id: 27, time: 42007.667371, res: 1443690
id: 27, time: 42007.667371, res: 692981
id: 27, time: 42007.667371, res: 1
id: 28, time: 43528.5147421, res: 594788
id: 28, time: 43528.5147421, res: 1285886
id: 28, time: 43528.5147421, res: 1975528
id: 28, time: 43528.5147421, res: 965568
id: 28, time: 43528.5147421, res: 1319209
id: 28, time: 43528.5147421, res: 317220
id: 28, time: 43528.5147421, res: 1917313
id: 28, time: 43528.5147421, res: 1126869
id: 29, time: 45039.4596231, res: 1854960
id: 29, time: 45039.4596231, res: 784361
id: 29, time: 45039.4596231, res: 724043
id: 29, time: 45039.4596231, res: 90435
id: 29, time: 45039.4596231, res: 1102242
id: 29, time: 45039.4596231, res: 858006
id: 29, time: 45039.4596231, res: 450300
id: 29, time: 45039.4596231, res: 2454782
id: 30, time: 46518.705039, res: 308505
id: 30, time: 46518.705039, res: 880949
id: 30, time: 46518.705039, res: 1539811
id: 30, time: 46518.705039, res: 579168
id: 30, time: 46518.705039, res: 1655160
id: 30, time: 46518.705039, res: 883098
id: 30, time: 46518.705039, res: 1273119
id: 30, time: 46518.705039, res: 1061218
id: 31, time: 47945.1916001, res: 530307
id: 31, time: 47945.1916001, res: 481148
id: 31, time: 47945.1916001, res: 2861245
id: 31, time: 47945.1916001, res: 433310
id: 31, time: 47945.1916001, res: 687493
id: 31, time: 47945.1916001, res: 1053778
id: 31, time: 47945.1916001, res: 1341750
id: 31, time: 47945.1916001, res: 380160
id: 32, time: 49503.9729331, res: 1310082
id: 32, time: 49503.9729331, res: 1426185
id: 32, time: 49503.9729331, res: 1722337
id: 32, time: 49503.9729331, res: 1370404
id: 32, time: 49503.9729331, res: 1287511
id: 32, time: 49503.9729331, res: 1477754
id: 32, time: 49503.9729331, res: 1175164
id: 32, time: 49503.9729331, res: 490408
id: 33, time: 51013.331877, res: 498566
id: 33, time: 51013.331877, res: 795762
id: 33, time: 51013.331877, res: 126913
id: 33, time: 51013.331877, res: 1839365
id: 33, time: 51013.331877, res: 1382722
id: 33, time: 51013.331877, res: 2565542
id: 33, time: 51013.331877, res: 490067
id: 33, time: 51013.331877, res: 874947
id: 34, time: 52612.529557, res: 1649190
id: 34, time: 52612.529557, res: 2222742
id: 34, time: 52612.529557, res: 844971
id: 34, time: 52612.529557, res: 1751717
id: 34, time: 52612.529557, res: 914990
id: 34, time: 52612.529557, res: 1140713
id: 34, time: 52612.529557, res: 2227764
id: 34, time: 52612.529557, res: 1476386
id: 35, time: 54211.1598811, res: 1555845
id: 35, time: 54211.1598811, res: 2081494
id: 35, time: 54211.1598811, res: 1833906
id: 35, time: 54211.1598811, res: 1529696
id: 35, time: 54211.1598811, res: 1308915
id: 35, time: 54211.1598811, res: 1447137
id: 35, time: 54211.1598811, res: 670283
id: 35, time: 54211.1598811, res: 1419456
id: 36, time: 55663.20766, res: 623084
id: 36, time: 55663.20766, res: 780879
id: 36, time: 55663.20766, res: 1032668
id: 36, time: 55663.20766, res: 758014
id: 36, time: 55663.20766, res: 1386031
id: 36, time: 55663.20766, res: 1130653
id: 36, time: 55663.20766, res: 1178623
id: 36, time: 55663.20766, res: 518625
id: 37, time: 57214.911989, res: 1180441
id: 37, time: 57214.911989, res: 558499
id: 37, time: 57214.911989, res: 413782
id: 37, time: 57214.911989, res: 59451
id: 37, time: 57214.911989, res: 124842
id: 37, time: 57214.911989, res: 860917
id: 37, time: 57214.911989, res: 173083
id: 37, time: 57214.911989, res: 1
