id: 0, time: 1434.96170878, res: 841221
id: 0, time: 1434.96170878, res: 733610
id: 0, time: 1434.96170878, res: 242426
id: 0, time: 1434.96170878, res: 530644
id: 0, time: 1434.96170878, res: 104299
id: 0, time: 1434.96170878, res: 859197
id: 0, time: 1434.96170878, res: 2719115
id: 0, time: 1434.96170878, res: 1181282
id: 1, time: 2792.4066658, res: 478538
id: 1, time: 2792.4066658, res: 763008
id: 1, time: 2792.4066658, res: 187653
id: 1, time: 2792.4066658, res: 1
id: 1, time: 2792.4066658, res: 419311
id: 1, time: 2792.4066658, res: 176116
id: 1, time: 2792.4066658, res: 299843
id: 1, time: 2792.4066658, res: 1
id: 2, time: 4333.61940885, res: 1754168
id: 2, time: 4333.61940885, res: 405459
id: 2, time: 4333.61940885, res: 1923461
id: 2, time: 4333.61940885, res: 1595163
id: 2, time: 4333.61940885, res: 1091157
id: 2, time: 4333.61940885, res: 2000973
id: 2, time: 4333.61940885, res: 1186083
id: 2, time: 4333.61940885, res: 1108597
id: 3, time: 5838.03153491, res: 107602
id: 3, time: 5838.03153491, res: 837567
id: 3, time: 5838.03153491, res: 2612297
id: 3, time: 5838.03153491, res: 974126
id: 3, time: 5838.03153491, res: 963801
id: 3, time: 5838.03153491, res: 1320185
id: 3, time: 5838.03153491, res: 1036739
id: 3, time: 5838.03153491, res: 1603641
id: 4, time: 7389.70215487, res: 821551
id: 4, time: 7389.70215487, res: 677829
id: 4, time: 7389.70215487, res: 924476
id: 4, time: 7389.70215487, res: 1636809
id: 4, time: 7389.70215487, res: 983438
id: 4, time: 7389.70215487, res: 1990049
id: 4, time: 7389.70215487, res: 888228
id: 4, time: 7389.70215487, res: 2619552
id: 5, time: 8812.20695996, res: 2020175
id: 5, time: 8812.20695996, res: 406988
id: 5, time: 8812.20695996, res: 514977
id: 5, time: 8812.20695996, res: 172018
id: 5, time: 8812.20695996, res: 43295
id: 5, time: 8812.20695996, res: 572780
id: 5, time: 8812.20695996, res: 667491
id: 5, time: 8812.20695996, res: 1447422
id: 6, time: 10258.6672618, res: 615788
id: 6, time: 10258.6672618, res: 411100
id: 6, time: 10258.6672618, res: 736329
id: 6, time: 10258.6672618, res: 968042
id: 6, time: 10258.6672618, res: 1117483
id: 6, time: 10258.6672618, res: 493246
id: 6, time: 10258.6672618, res: 1923948
id: 6, time: 10258.6672618, res: 2531197
id: 7, time: 11715.38518, res: 1091568
id: 7, time: 11715.38518, res: 1415705
id: 7, time: 11715.38518, res: 1386383
id: 7, time: 11715.38518, res: 1806634
id: 7, time: 11715.38518, res: 554749
id: 7, time: 11715.38518, res: 504525
id: 7, time: 11715.38518, res: 1606154
id: 7, time: 11715.38518, res: 410341
id: 8, time: 13171.6584959, res: 912431
id: 8, time: 13171.6584959, res: 1022875
id: 8, time: 13171.6584959, res: 912314
id: 8, time: 13171.6584959, res: 1170981
id: 8, time: 13171.6584959, res: 76416
id: 8, time: 13171.6584959, res: 1801102
id: 8, time: 13171.6584959, res: 580496
id: 8, time: 13171.6584959, res: 971472
id: 9, time: 14592.038553, res: 822882
id: 9, time: 14592.038553, res: 904440
id: 9, time: 14592.038553, res: 385049
id: 9, time: 14592.038553, res: 739419
id: 9, time: 14592.038553, res: 1044414
id: 9, time: 14592.038553, res: 646406
id: 9, time: 14592.038553, res: 1109287
id: 9, time: 14592.038553, res: 521326
id: 10, time: 16163.7415018, res: 1231478
id: 10, time: 16163.7415018, res: 1484984
id: 10, time: 16163.7415018, res: 1446545
id: 10, time: 16163.7415018, res: 1813309
id: 10, time: 16163.7415018, res: 495628
id: 10, time: 16163.7415018, res: 1119421
id: 10, time: 16163.7415018, res: 696871
id: 10, time: 16163.7415018, res: 1449599
id: 11, time: 17615.518626, res: 234826
id: 11, time: 17615.518626, res: 1262684
id: 11, time: 17615.518626, res: 1112304
id: 11, time: 17615.518626, res: 988644
id: 11, time: 17615.518626, res: 1228361
id: 11, time: 17615.518626, res: 940619
id: 11, time: 17615.518626, res: 964806
id: 11, time: 17615.518626, res: 685648
id: 12, time: 19139.8180609, res: 1046293
id: 12, time: 19139.8180609, res: 2088405
id: 12, time: 19139.8180609, res: 1070294
id: 12, time: 19139.8180609, res: 1778471
id: 12, time: 19139.8180609, res: 824230
id: 12, time: 19139.8180609, res: 394951
id: 12, time: 19139.8180609, res: 2864591
id: 12, time: 19139.8180609, res: 423453
id: 13, time: 20687.817456, res: 976104
id: 13, time: 20687.817456, res: 424103
id: 13, time: 20687.817456, res: 1297064
id: 13, time: 20687.817456, res: 707872
id: 13, time: 20687.817456, res: 2407197
id: 13, time: 20687.817456, res: 1530231
id: 13, time: 20687.817456, res: 2583842
id: 13, time: 20687.817456, res: 950334
id: 14, time: 22131.1923699, res: 1563826
id: 14, time: 22131.1923699, res: 1131796
id: 14, time: 22131.1923699, res: 2522205
id: 14, time: 22131.1923699, res: 619806
id: 14, time: 22131.1923699, res: 868231
id: 14, time: 22131.1923699, res: 1235781
id: 14, time: 22131.1923699, res: 653086
id: 14, time: 22131.1923699, res: 774816
id: 15, time: 23594.2084939, res: 1111277
id: 15, time: 23594.2084939, res: 537653
id: 15, time: 23594.2084939, res: 107032
id: 15, time: 23594.2084939, res: 447162
id: 15, time: 23594.2084939, res: 180874
id: 15, time: 23594.2084939, res: 1705108
id: 15, time: 23594.2084939, res: 2021572
id: 15, time: 23594.2084939, res: 1217581
id: 16, time: 25061.169271, res: 615778
id: 16, time: 25061.169271, res: 811347
id: 16, time: 25061.169271, res: 567428
id: 16, time: 25061.169271, res: 1934003
id: 16, time: 25061.169271, res: 755425
id: 16, time: 25061.169271, res: 1379283
id: 16, time: 25061.169271, res: 1686979
id: 16, time: 25061.169271, res: 520874
id: 17, time: 26589.4726439, res: 549866
id: 17, time: 26589.4726439, res: 851084
id: 17, time: 26589.4726439, res: 1101083
id: 17, time: 26589.4726439, res: 349718
id: 17, time: 26589.4726439, res: 977761
id: 17, time: 26589.4726439, res: 1142676
id: 17, time: 26589.4726439, res: 555992
id: 17, time: 26589.4726439, res: 1715545
id: 18, time: 28136.5653389, res: 219165
id: 18, time: 28136.5653389, res: 1388663
id: 18, time: 28136.5653389, res: 2193244
id: 18, time: 28136.5653389, res: 1393061
id: 18, time: 28136.5653389, res: 1520392
id: 18, time: 28136.5653389, res: 695991
id: 18, time: 28136.5653389, res: 1511274
id: 18, time: 28136.5653389, res: 3200009
id: 19, time: 29413.669364, res: 469340
id: 19, time: 29413.669364, res: 1
id: 19, time: 29413.669364, res: 532983
id: 19, time: 29413.669364, res: 246287
id: 19, time: 29413.669364, res: 425449
id: 19, time: 29413.669364, res: 106724
id: 19, time: 29413.669364, res: 132137
id: 19, time: 29413.669364, res: 1815909
id: 20, time: 30815.8246448, res: 1522991
id: 20, time: 30815.8246448, res: 375400
id: 20, time: 30815.8246448, res: 396577
id: 20, time: 30815.8246448, res: 1240086
id: 20, time: 30815.8246448, res: 930246
id: 20, time: 30815.8246448, res: 107466
id: 20, time: 30815.8246448, res: 1193526
id: 20, time: 30815.8246448, res: 227747
id: 21, time: 32211.0464699, res: 1856767
id: 21, time: 32211.0464699, res: 568169
id: 21, time: 32211.0464699, res: 573414
id: 21, time: 32211.0464699, res: 420893
id: 21, time: 32211.0464699, res: 1226467
id: 21, time: 32211.0464699, res: 152874
id: 21, time: 32211.0464699, res: 816032
id: 21, time: 32211.0464699, res: 151173
id: 22, time: 33584.707505, res: 902543
id: 22, time: 33584.707505, res: 96857
id: 22, time: 33584.707505, res: 346509
id: 22, time: 33584.707505, res: 501749
id: 22, time: 33584.707505, res: 839296
id: 22, time: 33584.707505, res: 1444967
id: 22, time: 33584.707505, res: 108290
id: 22, time: 33584.707505, res: 1085539
id: 23, time: 35093.7684569, res: 1002547
id: 23, time: 35093.7684569, res: 253811
id: 23, time: 35093.7684569, res: 1617988
id: 23, time: 35093.7684569, res: 878262
id: 23, time: 35093.7684569, res: 1799971
id: 23, time: 35093.7684569, res: 1784409
id: 23, time: 35093.7684569, res: 626558
id: 23, time: 35093.7684569, res: 1046606
id: 24, time: 36370.324157, res: 1
id: 24, time: 36370.324157, res: 461818
id: 24, time: 36370.324157, res: 277790
id: 24, time: 36370.324157, res: 11933
id: 24, time: 36370.324157, res: 273737
id: 24, time: 36370.324157, res: 606197
id: 24, time: 36370.324157, res: 1
id: 24, time: 36370.324157, res: 1
id: 25, time: 37953.0642488, res: 1727168
id: 25, time: 37953.0642488, res: 1471532
id: 25, time: 37953.0642488, res: 1618282
id: 25, time: 37953.0642488, res: 1351865
id: 25, time: 37953.0642488, res: 2199151
id: 25, time: 37953.0642488, res: 1479287
id: 25, time: 37953.0642488, res: 789675
id: 25, time: 37953.0642488, res: 940784
