id: 0, time: 2123.51264787, res: 407838
id: 0, time: 2123.51264787, res: 1549093
id: 0, time: 2123.51264787, res: 1593955
id: 0, time: 2123.51264787, res: 604137
id: 0, time: 2123.51264787, res: 1087082
id: 0, time: 2123.51264787, res: 981274
id: 0, time: 2123.51264787, res: 849766
id: 0, time: 2123.51264787, res: 4011041
id: 1, time: 3609.71356893, res: 430475
id: 1, time: 3609.71356893, res: 1088526
id: 1, time: 3609.71356893, res: 2807149
id: 1, time: 3609.71356893, res: 273304
id: 1, time: 3609.71356893, res: 1689518
id: 1, time: 3609.71356893, res: 1389368
id: 1, time: 3609.71356893, res: 1208829
id: 1, time: 3609.71356893, res: 1812648
id: 2, time: 5071.57042503, res: 1143651
id: 2, time: 5071.57042503, res: 887208
id: 2, time: 5071.57042503, res: 549072
id: 2, time: 5071.57042503, res: 1411450
id: 2, time: 5071.57042503, res: 1111804
id: 2, time: 5071.57042503, res: 1219107
id: 2, time: 5071.57042503, res: 1468905
id: 2, time: 5071.57042503, res: 581213
id: 3, time: 6527.17174792, res: 1565011
id: 3, time: 6527.17174792, res: 802937
id: 3, time: 6527.17174792, res: 324575
id: 3, time: 6527.17174792, res: 1915500
id: 3, time: 6527.17174792, res: 1255988
id: 3, time: 6527.17174792, res: 2062134
id: 3, time: 6527.17174792, res: 2380947
id: 3, time: 6527.17174792, res: 1206061
id: 4, time: 7999.40043497, res: 1243072
id: 4, time: 7999.40043497, res: 476023
id: 4, time: 7999.40043497, res: 1260455
id: 4, time: 7999.40043497, res: 888043
id: 4, time: 7999.40043497, res: 699232
id: 4, time: 7999.40043497, res: 1056710
id: 4, time: 7999.40043497, res: 1420841
id: 4, time: 7999.40043497, res: 797924
id: 5, time: 9428.74563098, res: 751868
id: 5, time: 9428.74563098, res: 435197
id: 5, time: 9428.74563098, res: 653128
id: 5, time: 9428.74563098, res: 462308
id: 5, time: 9428.74563098, res: 581057
id: 5, time: 9428.74563098, res: 568282
id: 5, time: 9428.74563098, res: 2031520
id: 5, time: 9428.74563098, res: 1074341
id: 6, time: 10910.7944329, res: 568899
id: 6, time: 10910.7944329, res: 1263456
id: 6, time: 10910.7944329, res: 970571
id: 6, time: 10910.7944329, res: 1271268
id: 6, time: 10910.7944329, res: 486422
id: 6, time: 10910.7944329, res: 1681170
id: 6, time: 10910.7944329, res: 2930832
id: 6, time: 10910.7944329, res: 721569
id: 7, time: 12266.7917609, res: 626073
id: 7, time: 12266.7917609, res: 655608
id: 7, time: 12266.7917609, res: 1916075
id: 7, time: 12266.7917609, res: 446298
id: 7, time: 12266.7917609, res: 1299698
id: 7, time: 12266.7917609, res: 345302
id: 7, time: 12266.7917609, res: 1333532
id: 7, time: 12266.7917609, res: 336931
id: 8, time: 13806.0887389, res: 1658096
id: 8, time: 13806.0887389, res: 1082503
id: 8, time: 13806.0887389, res: 2503922
id: 8, time: 13806.0887389, res: 926220
id: 8, time: 13806.0887389, res: 2150875
id: 8, time: 13806.0887389, res: 1668196
id: 8, time: 13806.0887389, res: 251308
id: 8, time: 13806.0887389, res: 1446615
id: 9, time: 15152.797895, res: 879203
id: 9, time: 15152.797895, res: 273574
id: 9, time: 15152.797895, res: 765659
id: 9, time: 15152.797895, res: 866777
id: 9, time: 15152.797895, res: 1
id: 9, time: 15152.797895, res: 454954
id: 9, time: 15152.797895, res: 1016304
id: 9, time: 15152.797895, res: 760168
id: 10, time: 16712.3827178, res: 1849416
id: 10, time: 16712.3827178, res: 332827
id: 10, time: 16712.3827178, res: 1299339
id: 10, time: 16712.3827178, res: 1437152
id: 10, time: 16712.3827178, res: 2668477
id: 10, time: 16712.3827178, res: 1099196
id: 10, time: 16712.3827178, res: 2194167
id: 10, time: 16712.3827178, res: 1775137
id: 11, time: 18036.654356, res: 732727
id: 11, time: 18036.654356, res: 318498
id: 11, time: 18036.654356, res: 99627
id: 11, time: 18036.654356, res: 879845
id: 11, time: 18036.654356, res: 262661
id: 11, time: 18036.654356, res: 263722
id: 11, time: 18036.654356, res: 835587
id: 11, time: 18036.654356, res: 703691
id: 12, time: 19538.8724411, res: 504569
id: 12, time: 19538.8724411, res: 954122
id: 12, time: 19538.8724411, res: 1512458
id: 12, time: 19538.8724411, res: 613300
id: 12, time: 19538.8724411, res: 1002602
id: 12, time: 19538.8724411, res: 858731
id: 12, time: 19538.8724411, res: 1622669
id: 12, time: 19538.8724411, res: 984486
id: 13, time: 20992.647428, res: 1134698
id: 13, time: 20992.647428, res: 677271
id: 13, time: 20992.647428, res: 926686
id: 13, time: 20992.647428, res: 300180
id: 13, time: 20992.647428, res: 2015625
id: 13, time: 20992.647428, res: 1556394
id: 13, time: 20992.647428, res: 1388820
id: 13, time: 20992.647428, res: 1563501
id: 14, time: 22420.470427, res: 1914430
id: 14, time: 22420.470427, res: 566488
id: 14, time: 22420.470427, res: 644737
id: 14, time: 22420.470427, res: 1047518
id: 14, time: 22420.470427, res: 878205
id: 14, time: 22420.470427, res: 673734
id: 14, time: 22420.470427, res: 1513253
id: 14, time: 22420.470427, res: 836848
id: 15, time: 23912.8934739, res: 941189
id: 15, time: 23912.8934739, res: 254615
id: 15, time: 23912.8934739, res: 1062942
id: 15, time: 23912.8934739, res: 1605570
id: 15, time: 23912.8934739, res: 397697
id: 15, time: 23912.8934739, res: 1387479
id: 15, time: 23912.8934739, res: 1158507
id: 15, time: 23912.8934739, res: 134026
id: 16, time: 25356.708576, res: 1842863
id: 16, time: 25356.708576, res: 152482
id: 16, time: 25356.708576, res: 1167824
id: 16, time: 25356.708576, res: 1579216
id: 16, time: 25356.708576, res: 852807
id: 16, time: 25356.708576, res: 1228105
id: 16, time: 25356.708576, res: 340532
id: 16, time: 25356.708576, res: 678859
id: 17, time: 26877.902374, res: 737900
id: 17, time: 26877.902374, res: 1512761
id: 17, time: 26877.902374, res: 1525294
id: 17, time: 26877.902374, res: 439245
id: 17, time: 26877.902374, res: 1580626
id: 17, time: 26877.902374, res: 2140381
id: 17, time: 26877.902374, res: 2178279
id: 17, time: 26877.902374, res: 271850
id: 18, time: 28298.464674, res: 776985
id: 18, time: 28298.464674, res: 1994610
id: 18, time: 28298.464674, res: 858845
id: 18, time: 28298.464674, res: 1002044
id: 18, time: 28298.464674, res: 379374
id: 18, time: 28298.464674, res: 484156
id: 18, time: 28298.464674, res: 917344
id: 18, time: 28298.464674, res: 1022413
id: 19, time: 29691.0561869, res: 837762
id: 19, time: 29691.0561869, res: 56055
id: 19, time: 29691.0561869, res: 431964
id: 19, time: 29691.0561869, res: 1267261
id: 19, time: 29691.0561869, res: 335966
id: 19, time: 29691.0561869, res: 1064464
id: 19, time: 29691.0561869, res: 1741463
id: 19, time: 29691.0561869, res: 1179252
id: 20, time: 31031.7874289, res: 796103
id: 20, time: 31031.7874289, res: 1002338
id: 20, time: 31031.7874289, res: 750858
id: 20, time: 31031.7874289, res: 1531027
id: 20, time: 31031.7874289, res: 103022
id: 20, time: 31031.7874289, res: 211499
id: 20, time: 31031.7874289, res: 935085
id: 20, time: 31031.7874289, res: 109206
id: 21, time: 32486.5356131, res: 2345400
id: 21, time: 32486.5356131, res: 1067563
id: 21, time: 32486.5356131, res: 1339951
id: 21, time: 32486.5356131, res: 949708
id: 21, time: 32486.5356131, res: 896348
id: 21, time: 32486.5356131, res: 554682
id: 21, time: 32486.5356131, res: 658051
id: 21, time: 32486.5356131, res: 191170
id: 22, time: 33983.535269, res: 995400
id: 22, time: 33983.535269, res: 3265979
id: 22, time: 33983.535269, res: 1256081
id: 22, time: 33983.535269, res: 767916
id: 22, time: 33983.535269, res: 568559
id: 22, time: 33983.535269, res: 591007
id: 22, time: 33983.535269, res: 1710208
id: 22, time: 33983.535269, res: 1044692
id: 23, time: 35408.0616488, res: 1166839
id: 23, time: 35408.0616488, res: 1499394
id: 23, time: 35408.0616488, res: 1039557
id: 23, time: 35408.0616488, res: 473395
id: 23, time: 35408.0616488, res: 513653
id: 23, time: 35408.0616488, res: 895488
id: 23, time: 35408.0616488, res: 757574
id: 23, time: 35408.0616488, res: 1027377
id: 24, time: 36886.825577, res: 653022
id: 24, time: 36886.825577, res: 1010633
id: 24, time: 36886.825577, res: 2082918
id: 24, time: 36886.825577, res: 447505
id: 24, time: 36886.825577, res: 1037160
id: 24, time: 36886.825577, res: 1088546
id: 24, time: 36886.825577, res: 189887
id: 24, time: 36886.825577, res: 620549
id: 25, time: 38305.3435669, res: 475813
id: 25, time: 38305.3435669, res: 862602
id: 25, time: 38305.3435669, res: 1217143
id: 25, time: 38305.3435669, res: 1273464
id: 25, time: 38305.3435669, res: 563563
id: 25, time: 38305.3435669, res: 1268319
id: 25, time: 38305.3435669, res: 1585327
id: 25, time: 38305.3435669, res: 236228
id: 26, time: 39799.78194, res: 767771
id: 26, time: 39799.78194, res: 2035574
id: 26, time: 39799.78194, res: 253310
id: 26, time: 39799.78194, res: 544360
id: 26, time: 39799.78194, res: 402605
id: 26, time: 39799.78194, res: 746266
id: 26, time: 39799.78194, res: 1901438
id: 26, time: 39799.78194, res: 1910322
id: 27, time: 41219.2433579, res: 918804
id: 27, time: 41219.2433579, res: 1010723
id: 27, time: 41219.2433579, res: 898057
id: 27, time: 41219.2433579, res: 1539428
id: 27, time: 41219.2433579, res: 1161582
id: 27, time: 41219.2433579, res: 505142
id: 27, time: 41219.2433579, res: 903271
id: 27, time: 41219.2433579, res: 1805429
id: 28, time: 42676.910538, res: 2054147
id: 28, time: 42676.910538, res: 1398931
id: 28, time: 42676.910538, res: 1615657
id: 28, time: 42676.910538, res: 557425
id: 28, time: 42676.910538, res: 1127000
id: 28, time: 42676.910538, res: 442920
id: 28, time: 42676.910538, res: 1146897
id: 28, time: 42676.910538, res: 522421
id: 29, time: 44126.3744318, res: 1164138
id: 29, time: 44126.3744318, res: 354689
id: 29, time: 44126.3744318, res: 985236
id: 29, time: 44126.3744318, res: 374158
id: 29, time: 44126.3744318, res: 906159
id: 29, time: 44126.3744318, res: 778567
id: 29, time: 44126.3744318, res: 565662
id: 29, time: 44126.3744318, res: 994475
id: 30, time: 45579.1617949, res: 1371208
id: 30, time: 45579.1617949, res: 922683
id: 30, time: 45579.1617949, res: 1664042
id: 30, time: 45579.1617949, res: 494647
id: 30, time: 45579.1617949, res: 990124
id: 30, time: 45579.1617949, res: 646280
id: 30, time: 45579.1617949, res: 1133563
id: 30, time: 45579.1617949, res: 1419835
id: 31, time: 47037.268501, res: 506120
id: 31, time: 47037.268501, res: 865686
id: 31, time: 47037.268501, res: 307613
id: 31, time: 47037.268501, res: 903029
id: 31, time: 47037.268501, res: 1735137
id: 31, time: 47037.268501, res: 992015
id: 31, time: 47037.268501, res: 583014
id: 31, time: 47037.268501, res: 794151
id: 32, time: 48503.3426199, res: 766711
id: 32, time: 48503.3426199, res: 1350695
id: 32, time: 48503.3426199, res: 1468441
id: 32, time: 48503.3426199, res: 743728
id: 32, time: 48503.3426199, res: 405676
id: 32, time: 48503.3426199, res: 379543
id: 32, time: 48503.3426199, res: 2949986
id: 32, time: 48503.3426199, res: 385048
id: 33, time: 50021.2127759, res: 1445333
id: 33, time: 50021.2127759, res: 983098
id: 33, time: 50021.2127759, res: 1250271
id: 33, time: 50021.2127759, res: 1647489
id: 33, time: 50021.2127759, res: 698667
id: 33, time: 50021.2127759, res: 430576
id: 33, time: 50021.2127759, res: 876283
id: 33, time: 50021.2127759, res: 762948
id: 34, time: 51508.799273, res: 2271939
id: 34, time: 51508.799273, res: 296933
id: 34, time: 51508.799273, res: 896615
id: 34, time: 51508.799273, res: 931623
id: 34, time: 51508.799273, res: 1629312
id: 34, time: 51508.799273, res: 620517
id: 34, time: 51508.799273, res: 2746856
id: 34, time: 51508.799273, res: 753410
id: 35, time: 53041.2238181, res: 552321
id: 35, time: 53041.2238181, res: 1462515
id: 35, time: 53041.2238181, res: 1346197
id: 35, time: 53041.2238181, res: 1400410
id: 35, time: 53041.2238181, res: 1480410
id: 35, time: 53041.2238181, res: 1132802
id: 35, time: 53041.2238181, res: 1369221
id: 35, time: 53041.2238181, res: 803314
id: 36, time: 54528.4245739, res: 870485
id: 36, time: 54528.4245739, res: 791153
id: 36, time: 54528.4245739, res: 1878570
id: 36, time: 54528.4245739, res: 1428236
id: 36, time: 54528.4245739, res: 2185294
id: 36, time: 54528.4245739, res: 1148919
id: 36, time: 54528.4245739, res: 1170496
id: 36, time: 54528.4245739, res: 989175
id: 37, time: 55891.2962821, res: 1
id: 37, time: 55891.2962821, res: 983752
id: 37, time: 55891.2962821, res: 438664
id: 37, time: 55891.2962821, res: 780619
id: 37, time: 55891.2962821, res: 629012
id: 37, time: 55891.2962821, res: 52268
id: 37, time: 55891.2962821, res: 671477
id: 37, time: 55891.2962821, res: 403887
id: 38, time: 57396.5833669, res: 1030128
id: 38, time: 57396.5833669, res: 310611
id: 38, time: 57396.5833669, res: 1713234
id: 38, time: 57396.5833669, res: 648666
id: 38, time: 57396.5833669, res: 1026305
id: 38, time: 57396.5833669, res: 1752459
id: 38, time: 57396.5833669, res: 1512135
id: 38, time: 57396.5833669, res: 1335227
id: 39, time: 58903.929642, res: 597204
id: 39, time: 58903.929642, res: 655973
id: 39, time: 58903.929642, res: 527710
id: 39, time: 58903.929642, res: 938505
id: 39, time: 58903.929642, res: 1935070
id: 39, time: 58903.929642, res: 2672707
id: 39, time: 58903.929642, res: 1144493
id: 39, time: 58903.929642, res: 1815911
id: 40, time: 60413.7385929, res: 1203163
id: 40, time: 60413.7385929, res: 1031213
id: 40, time: 60413.7385929, res: 802970
id: 40, time: 60413.7385929, res: 1830344
id: 40, time: 60413.7385929, res: 890992
id: 40, time: 60413.7385929, res: 736995
id: 40, time: 60413.7385929, res: 840089
id: 40, time: 60413.7385929, res: 1011156
id: 41, time: 61838.9795709, res: 589190
id: 41, time: 61838.9795709, res: 1462032
id: 41, time: 61838.9795709, res: 345402
id: 41, time: 61838.9795709, res: 869875
id: 41, time: 61838.9795709, res: 1303179
id: 41, time: 61838.9795709, res: 885678
id: 41, time: 61838.9795709, res: 2167484
id: 41, time: 61838.9795709, res: 384877
id: 42, time: 63323.3898199, res: 792621
id: 42, time: 63323.3898199, res: 1023068
id: 42, time: 63323.3898199, res: 1207229
id: 42, time: 63323.3898199, res: 511838
id: 42, time: 63323.3898199, res: 656156
id: 42, time: 63323.3898199, res: 1444730
id: 42, time: 63323.3898199, res: 938111
id: 42, time: 63323.3898199, res: 1881154
id: 43, time: 64774.1155829, res: 923271
id: 43, time: 64774.1155829, res: 698037
id: 43, time: 64774.1155829, res: 673437
id: 43, time: 64774.1155829, res: 705414
id: 43, time: 64774.1155829, res: 898276
id: 43, time: 64774.1155829, res: 1884759
id: 43, time: 64774.1155829, res: 1258704
id: 43, time: 64774.1155829, res: 950953
id: 44, time: 66286.1861351, res: 567004
id: 44, time: 66286.1861351, res: 520885
id: 44, time: 66286.1861351, res: 2058704
id: 44, time: 66286.1861351, res: 1570627
id: 44, time: 66286.1861351, res: 1101427
id: 44, time: 66286.1861351, res: 476406
id: 44, time: 66286.1861351, res: 2005600
id: 44, time: 66286.1861351, res: 982929
id: 45, time: 67772.4668069, res: 1449138
id: 45, time: 67772.4668069, res: 1514231
id: 45, time: 67772.4668069, res: 1373838
id: 45, time: 67772.4668069, res: 2813342
id: 45, time: 67772.4668069, res: 768591
id: 45, time: 67772.4668069, res: 611447
id: 45, time: 67772.4668069, res: 782506
id: 45, time: 67772.4668069, res: 239551
id: 46, time: 69323.965483, res: 1976952
id: 46, time: 69323.965483, res: 1082703
id: 46, time: 69323.965483, res: 2069086
id: 46, time: 69323.965483, res: 654380
id: 46, time: 69323.965483, res: 1009773
id: 46, time: 69323.965483, res: 1535987
id: 46, time: 69323.965483, res: 193321
id: 46, time: 69323.965483, res: 2610662
id: 47, time: 70833.594419, res: 2268852
id: 47, time: 70833.594419, res: 659152
id: 47, time: 70833.594419, res: 626606
id: 47, time: 70833.594419, res: 983104
id: 47, time: 70833.594419, res: 1469574
id: 47, time: 70833.594419, res: 1173946
id: 47, time: 70833.594419, res: 792968
id: 47, time: 70833.594419, res: 2472391
id: 48, time: 72306.2433839, res: 1876751
id: 48, time: 72306.2433839, res: 1397343
id: 48, time: 72306.2433839, res: 411350
id: 48, time: 72306.2433839, res: 818075
id: 48, time: 72306.2433839, res: 541646
id: 48, time: 72306.2433839, res: 1384293
id: 48, time: 72306.2433839, res: 1016885
id: 48, time: 72306.2433839, res: 1473419
id: 49, time: 73804.8830409, res: 858516
id: 49, time: 73804.8830409, res: 625398
id: 49, time: 73804.8830409, res: 1802959
id: 49, time: 73804.8830409, res: 781582
id: 49, time: 73804.8830409, res: 663868
id: 49, time: 73804.8830409, res: 1090131
id: 49, time: 73804.8830409, res: 3049525
id: 49, time: 73804.8830409, res: 1322100
id: 50, time: 75303.3525829, res: 1651699
id: 50, time: 75303.3525829, res: 1778712
id: 50, time: 75303.3525829, res: 533149
id: 50, time: 75303.3525829, res: 1178056
id: 50, time: 75303.3525829, res: 953802
id: 50, time: 75303.3525829, res: 1261535
id: 50, time: 75303.3525829, res: 1112533
id: 50, time: 75303.3525829, res: 1015048
id: 51, time: 76731.833426, res: 478594
id: 51, time: 76731.833426, res: 1061155
id: 51, time: 76731.833426, res: 245554
id: 51, time: 76731.833426, res: 1383442
id: 51, time: 76731.833426, res: 596445
id: 51, time: 76731.833426, res: 1182518
id: 51, time: 76731.833426, res: 763434
id: 51, time: 76731.833426, res: 124284
id: 52, time: 78190.0325179, res: 799002
id: 52, time: 78190.0325179, res: 1680129
id: 52, time: 78190.0325179, res: 1989478
id: 52, time: 78190.0325179, res: 791784
id: 52, time: 78190.0325179, res: 791493
id: 52, time: 78190.0325179, res: 659376
id: 52, time: 78190.0325179, res: 564060
id: 52, time: 78190.0325179, res: 661196
id: 53, time: 79705.141448, res: 1003058
id: 53, time: 79705.141448, res: 1600395
id: 53, time: 79705.141448, res: 1196045
id: 53, time: 79705.141448, res: 1706485
id: 53, time: 79705.141448, res: 391890
id: 53, time: 79705.141448, res: 1053815
id: 53, time: 79705.141448, res: 2562061
id: 53, time: 79705.141448, res: 1420154
id: 54, time: 81207.5983639, res: 1205241
id: 54, time: 81207.5983639, res: 1973873
id: 54, time: 81207.5983639, res: 600890
id: 54, time: 81207.5983639, res: 1697322
id: 54, time: 81207.5983639, res: 958770
id: 54, time: 81207.5983639, res: 1350291
id: 54, time: 81207.5983639, res: 1473696
id: 54, time: 81207.5983639, res: 851823
id: 55, time: 82737.9144208, res: 2824834
id: 55, time: 82737.9144208, res: 260344
id: 55, time: 82737.9144208, res: 1489143
id: 55, time: 82737.9144208, res: 1667335
id: 55, time: 82737.9144208, res: 760166
id: 55, time: 82737.9144208, res: 1131012
id: 55, time: 82737.9144208, res: 1080664
id: 55, time: 82737.9144208, res: 1877064
id: 56, time: 84343.430625, res: 2151244
id: 56, time: 84343.430625, res: 1289085
id: 56, time: 84343.430625, res: 789694
id: 56, time: 84343.430625, res: 2711455
id: 56, time: 84343.430625, res: 1498516
id: 56, time: 84343.430625, res: 859807
id: 56, time: 84343.430625, res: 871795
id: 56, time: 84343.430625, res: 2966536
id: 57, time: 85829.350457, res: 1200750
id: 57, time: 85829.350457, res: 991798
id: 57, time: 85829.350457, res: 919308
id: 57, time: 85829.350457, res: 475374
id: 57, time: 85829.350457, res: 1208163
id: 57, time: 85829.350457, res: 1152198
id: 57, time: 85829.350457, res: 1903733
id: 57, time: 85829.350457, res: 369362
id: 58, time: 87187.1722178, res: 1526876
id: 58, time: 87187.1722178, res: 504177
id: 58, time: 87187.1722178, res: 440074
id: 58, time: 87187.1722178, res: 266275
id: 58, time: 87187.1722178, res: 165455
id: 58, time: 87187.1722178, res: 1304247
id: 58, time: 87187.1722178, res: 1008818
id: 58, time: 87187.1722178, res: 1
id: 59, time: 88558.5251329, res: 201322
id: 59, time: 88558.5251329, res: 968233
id: 59, time: 88558.5251329, res: 933527
id: 59, time: 88558.5251329, res: 1
id: 59, time: 88558.5251329, res: 695456
id: 59, time: 88558.5251329, res: 143202
id: 59, time: 88558.5251329, res: 1093036
id: 59, time: 88558.5251329, res: 177991
id: 60, time: 89838.746357, res: 1
id: 60, time: 89838.746357, res: 645784
id: 60, time: 89838.746357, res: 1
id: 60, time: 89838.746357, res: 1
id: 60, time: 89838.746357, res: 1184237
id: 60, time: 89838.746357, res: 1
id: 60, time: 89838.746357, res: 855432
id: 60, time: 89838.746357, res: 369374
id: 61, time: 91351.7971139, res: 653309
id: 61, time: 91351.7971139, res: 1018466
id: 61, time: 91351.7971139, res: 950858
id: 61, time: 91351.7971139, res: 271920
id: 61, time: 91351.7971139, res: 2911531
id: 61, time: 91351.7971139, res: 902900
id: 61, time: 91351.7971139, res: 3166680
id: 61, time: 91351.7971139, res: 1546235
id: 62, time: 92727.642534, res: 979728
id: 62, time: 92727.642534, res: 514319
id: 62, time: 92727.642534, res: 446113
id: 62, time: 92727.642534, res: 279491
id: 62, time: 92727.642534, res: 776277
id: 62, time: 92727.642534, res: 1282331
id: 62, time: 92727.642534, res: 702845
id: 62, time: 92727.642534, res: 406904
id: 63, time: 94198.2466021, res: 1798772
id: 63, time: 94198.2466021, res: 1629036
id: 63, time: 94198.2466021, res: 1446578
id: 63, time: 94198.2466021, res: 1106917
id: 63, time: 94198.2466021, res: 695889
id: 63, time: 94198.2466021, res: 357397
id: 63, time: 94198.2466021, res: 946689
id: 63, time: 94198.2466021, res: 1223686
id: 64, time: 95774.008836, res: 1894196
id: 64, time: 95774.008836, res: 1088679
id: 64, time: 95774.008836, res: 1260094
id: 64, time: 95774.008836, res: 1966941
id: 64, time: 95774.008836, res: 1163192
id: 64, time: 95774.008836, res: 1208075
id: 64, time: 95774.008836, res: 1546400
id: 64, time: 95774.008836, res: 2779089
id: 65, time: 97321.30726, res: 2689180
id: 65, time: 97321.30726, res: 2639328
id: 65, time: 97321.30726, res: 1000580
id: 65, time: 97321.30726, res: 382261
id: 65, time: 97321.30726, res: 862101
id: 65, time: 97321.30726, res: 2038873
id: 65, time: 97321.30726, res: 1017293
id: 65, time: 97321.30726, res: 645426
id: 66, time: 98787.2626569, res: 314549
id: 66, time: 98787.2626569, res: 326545
id: 66, time: 98787.2626569, res: 739173
id: 66, time: 98787.2626569, res: 468333
id: 66, time: 98787.2626569, res: 796257
id: 66, time: 98787.2626569, res: 201826
id: 66, time: 98787.2626569, res: 295587
id: 66, time: 98787.2626569, res: 2687308
id: 67, time: 100099.209801, res: 832575
id: 67, time: 100099.209801, res: 636688
id: 67, time: 100099.209801, res: 371432
id: 67, time: 100099.209801, res: 288190
id: 67, time: 100099.209801, res: 753451
id: 67, time: 100099.209801, res: 45416
id: 67, time: 100099.209801, res: 1
id: 67, time: 100099.209801, res: 861112
id: 68, time: 101565.882471, res: 695975
id: 68, time: 101565.882471, res: 852824
id: 68, time: 101565.882471, res: 854818
id: 68, time: 101565.882471, res: 1124891
id: 68, time: 101565.882471, res: 838148
id: 68, time: 101565.882471, res: 509213
id: 68, time: 101565.882471, res: 512012
id: 68, time: 101565.882471, res: 1475468
id: 69, time: 103027.637522, res: 290741
id: 69, time: 103027.637522, res: 33463
id: 69, time: 103027.637522, res: 1663409
id: 69, time: 103027.637522, res: 874492
id: 69, time: 103027.637522, res: 1963277
id: 69, time: 103027.637522, res: 1708734
id: 69, time: 103027.637522, res: 2107715
id: 69, time: 103027.637522, res: 816742
id: 70, time: 104663.618458, res: 2232417
id: 70, time: 104663.618458, res: 1294376
id: 70, time: 104663.618458, res: 610002
id: 70, time: 104663.618458, res: 1415669
id: 70, time: 104663.618458, res: 1690317
id: 70, time: 104663.618458, res: 1036272
id: 70, time: 104663.618458, res: 2135212
id: 70, time: 104663.618458, res: 1419949
id: 71, time: 106197.685423, res: 2298637
id: 71, time: 106197.685423, res: 391663
id: 71, time: 106197.685423, res: 374839
id: 71, time: 106197.685423, res: 825401
id: 71, time: 106197.685423, res: 1320566
id: 71, time: 106197.685423, res: 2132473
id: 71, time: 106197.685423, res: 735525
id: 71, time: 106197.685423, res: 2386545
id: 72, time: 107712.620714, res: 753939
id: 72, time: 107712.620714, res: 955360
id: 72, time: 107712.620714, res: 599806
id: 72, time: 107712.620714, res: 1953576
id: 72, time: 107712.620714, res: 1609129
id: 72, time: 107712.620714, res: 976205
id: 72, time: 107712.620714, res: 381586
id: 72, time: 107712.620714, res: 1744334
id: 73, time: 109225.712002, res: 668150
id: 73, time: 109225.712002, res: 771431
id: 73, time: 109225.712002, res: 978697
id: 73, time: 109225.712002, res: 1404061
id: 73, time: 109225.712002, res: 1607490
id: 73, time: 109225.712002, res: 477758
id: 73, time: 109225.712002, res: 742521
id: 73, time: 109225.712002, res: 919489
id: 74, time: 110515.415044, res: 67778
id: 74, time: 110515.415044, res: 167184
id: 74, time: 110515.415044, res: 115115
id: 74, time: 110515.415044, res: 253573
id: 74, time: 110515.415044, res: 1
id: 74, time: 110515.415044, res: 1
id: 74, time: 110515.415044, res: 29654
id: 74, time: 110515.415044, res: 1
id: 75, time: 112066.369908, res: 1803671
id: 75, time: 112066.369908, res: 545997
id: 75, time: 112066.369908, res: 762389
id: 75, time: 112066.369908, res: 545886
id: 75, time: 112066.369908, res: 2640384
id: 75, time: 112066.369908, res: 836305
id: 75, time: 112066.369908, res: 2403117
id: 75, time: 112066.369908, res: 2666055
id: 76, time: 113719.850584, res: 1259334
id: 76, time: 113719.850584, res: 1910554
id: 76, time: 113719.850584, res: 956617
id: 76, time: 113719.850584, res: 1782118
id: 76, time: 113719.850584, res: 1374354
id: 76, time: 113719.850584, res: 529684
id: 76, time: 113719.850584, res: 1337867
id: 76, time: 113719.850584, res: 1937769
id: 77, time: 115283.936159, res: 870551
id: 77, time: 115283.936159, res: 595895
id: 77, time: 115283.936159, res: 855697
id: 77, time: 115283.936159, res: 1595032
id: 77, time: 115283.936159, res: 1822472
id: 77, time: 115283.936159, res: 1323797
id: 77, time: 115283.936159, res: 1447601
id: 77, time: 115283.936159, res: 2758460
id: 78, time: 116826.312597, res: 828743
id: 78, time: 116826.312597, res: 2799959
id: 78, time: 116826.312597, res: 413735
id: 78, time: 116826.312597, res: 1402441
id: 78, time: 116826.312597, res: 751120
id: 78, time: 116826.312597, res: 2049092
id: 78, time: 116826.312597, res: 1879220
id: 78, time: 116826.312597, res: 2439432
id: 79, time: 118404.25598, res: 908905
id: 79, time: 118404.25598, res: 1954931
id: 79, time: 118404.25598, res: 2437042
id: 79, time: 118404.25598, res: 1118153
id: 79, time: 118404.25598, res: 901152
id: 79, time: 118404.25598, res: 2334407
id: 79, time: 118404.25598, res: 799519
id: 79, time: 118404.25598, res: 1236774
id: 80, time: 119861.24686, res: 1212574
id: 80, time: 119861.24686, res: 573952
id: 80, time: 119861.24686, res: 1058883
id: 80, time: 119861.24686, res: 776812
id: 80, time: 119861.24686, res: 116916
id: 80, time: 119861.24686, res: 1086662
id: 80, time: 119861.24686, res: 1240629
id: 80, time: 119861.24686, res: 1824608
id: 81, time: 121299.020574, res: 1446086
id: 81, time: 121299.020574, res: 1286326
id: 81, time: 121299.020574, res: 1969889
id: 81, time: 121299.020574, res: 458420
id: 81, time: 121299.020574, res: 482832
id: 81, time: 121299.020574, res: 1107958
id: 81, time: 121299.020574, res: 1404928
id: 81, time: 121299.020574, res: 1
id: 82, time: 122770.243527, res: 1479177
id: 82, time: 122770.243527, res: 262328
id: 82, time: 122770.243527, res: 1854527
id: 82, time: 122770.243527, res: 1093430
id: 82, time: 122770.243527, res: 1090017
id: 82, time: 122770.243527, res: 787278
id: 82, time: 122770.243527, res: 275941
id: 82, time: 122770.243527, res: 841620
id: 83, time: 124201.666081, res: 840995
id: 83, time: 124201.666081, res: 459732
id: 83, time: 124201.666081, res: 226747
id: 83, time: 124201.666081, res: 622150
id: 83, time: 124201.666081, res: 1089017
id: 83, time: 124201.666081, res: 1329182
id: 83, time: 124201.666081, res: 477365
id: 83, time: 124201.666081, res: 618604
id: 84, time: 125811.785794, res: 406675
id: 84, time: 125811.785794, res: 436455
id: 84, time: 125811.785794, res: 1752541
id: 84, time: 125811.785794, res: 2628236
id: 84, time: 125811.785794, res: 1398963
id: 84, time: 125811.785794, res: 1799301
id: 84, time: 125811.785794, res: 1623535
id: 84, time: 125811.785794, res: 1293875
id: 85, time: 127345.279626, res: 1025751
id: 85, time: 127345.279626, res: 1835468
id: 85, time: 127345.279626, res: 663598
id: 85, time: 127345.279626, res: 2046555
id: 85, time: 127345.279626, res: 1118399
id: 85, time: 127345.279626, res: 1809892
id: 85, time: 127345.279626, res: 1589154
id: 85, time: 127345.279626, res: 335814
id: 86, time: 128928.024031, res: 1111678
id: 86, time: 128928.024031, res: 2170633
id: 86, time: 128928.024031, res: 1265465
id: 86, time: 128928.024031, res: 969948
id: 86, time: 128928.024031, res: 1328842
id: 86, time: 128928.024031, res: 885799
id: 86, time: 128928.024031, res: 1784338
id: 86, time: 128928.024031, res: 487234
id: 87, time: 130518.121431, res: 1332369
id: 87, time: 130518.121431, res: 2758248
id: 87, time: 130518.121431, res: 611281
id: 87, time: 130518.121431, res: 1065844
id: 87, time: 130518.121431, res: 1151746
id: 87, time: 130518.121431, res: 1132793
id: 87, time: 130518.121431, res: 722764
id: 87, time: 130518.121431, res: 2560691
id: 88, time: 131963.254842, res: 1055526
id: 88, time: 131963.254842, res: 268809
id: 88, time: 131963.254842, res: 641672
id: 88, time: 131963.254842, res: 479034
id: 88, time: 131963.254842, res: 791626
id: 88, time: 131963.254842, res: 21114
id: 88, time: 131963.254842, res: 39750
id: 88, time: 131963.254842, res: 1
id: 89, time: 133323.289553, res: 157640
id: 89, time: 133323.289553, res: 681074
id: 89, time: 133323.289553, res: 1
id: 89, time: 133323.289553, res: 348015
id: 89, time: 133323.289553, res: 130015
id: 89, time: 133323.289553, res: 120300
id: 89, time: 133323.289553, res: 1140385
id: 89, time: 133323.289553, res: 1
id: 90, time: 134955.627579, res: 2146895
id: 90, time: 134955.627579, res: 1422435
id: 90, time: 134955.627579, res: 682539
id: 90, time: 134955.627579, res: 1959800
id: 90, time: 134955.627579, res: 1587126
id: 90, time: 134955.627579, res: 2618432
id: 90, time: 134955.627579, res: 487974
id: 90, time: 134955.627579, res: 1779942
id: 91, time: 136466.662126, res: 1759000
id: 91, time: 136466.662126, res: 590867
id: 91, time: 136466.662126, res: 482276
id: 91, time: 136466.662126, res: 641609
id: 91, time: 136466.662126, res: 2204577
id: 91, time: 136466.662126, res: 544708
id: 91, time: 136466.662126, res: 1172319
id: 91, time: 136466.662126, res: 1526113
id: 92, time: 138073.773424, res: 709574
id: 92, time: 138073.773424, res: 1478036
id: 92, time: 138073.773424, res: 1505315
id: 92, time: 138073.773424, res: 1282494
id: 92, time: 138073.773424, res: 1210827
id: 92, time: 138073.773424, res: 2230493
id: 92, time: 138073.773424, res: 1252627
id: 92, time: 138073.773424, res: 1473791
id: 93, time: 139574.83952, res: 205169
id: 93, time: 139574.83952, res: 570298
id: 93, time: 139574.83952, res: 1802824
id: 93, time: 139574.83952, res: 1543595
id: 93, time: 139574.83952, res: 1251481
id: 93, time: 139574.83952, res: 527774
id: 93, time: 139574.83952, res: 1723870
id: 93, time: 139574.83952, res: 635554
id: 94, time: 141065.153778, res: 860141
id: 94, time: 141065.153778, res: 717628
id: 94, time: 141065.153778, res: 982922
id: 94, time: 141065.153778, res: 1278848
id: 94, time: 141065.153778, res: 659644
id: 94, time: 141065.153778, res: 803123
id: 94, time: 141065.153778, res: 1393776
id: 94, time: 141065.153778, res: 1309482
id: 95, time: 142613.679674, res: 1025360
id: 95, time: 142613.679674, res: 1034947
id: 95, time: 142613.679674, res: 1156359
id: 95, time: 142613.679674, res: 1209617
id: 95, time: 142613.679674, res: 1330318
id: 95, time: 142613.679674, res: 623540
id: 95, time: 142613.679674, res: 1375758
id: 95, time: 142613.679674, res: 1054299
id: 96, time: 144067.694686, res: 1024721
id: 96, time: 144067.694686, res: 695380
id: 96, time: 144067.694686, res: 608840
id: 96, time: 144067.694686, res: 1259890
id: 96, time: 144067.694686, res: 1292919
id: 96, time: 144067.694686, res: 541454
id: 96, time: 144067.694686, res: 721479
id: 96, time: 144067.694686, res: 1645210
id: 97, time: 145471.159242, res: 482927
id: 97, time: 145471.159242, res: 596736
id: 97, time: 145471.159242, res: 1365848
id: 97, time: 145471.159242, res: 659361
id: 97, time: 145471.159242, res: 694109
id: 97, time: 145471.159242, res: 1135624
id: 97, time: 145471.159242, res: 267627
id: 97, time: 145471.159242, res: 959363
id: 98, time: 146969.519861, res: 2146773
id: 98, time: 146969.519861, res: 1643823
id: 98, time: 146969.519861, res: 683794
id: 98, time: 146969.519861, res: 974216
id: 98, time: 146969.519861, res: 1572925
id: 98, time: 146969.519861, res: 226745
id: 98, time: 146969.519861, res: 577571
id: 98, time: 146969.519861, res: 851418
id: 99, time: 148380.585298, res: 387460
id: 99, time: 148380.585298, res: 287112
id: 99, time: 148380.585298, res: 807317
id: 99, time: 148380.585298, res: 567402
id: 99, time: 148380.585298, res: 717566
id: 99, time: 148380.585298, res: 548731
id: 99, time: 148380.585298, res: 1512714
id: 99, time: 148380.585298, res: 155751
id: 100, time: 149920.110433, res: 989927
id: 100, time: 149920.110433, res: 1056840
id: 100, time: 149920.110433, res: 1059604
id: 100, time: 149920.110433, res: 1212408
id: 100, time: 149920.110433, res: 2190554
id: 100, time: 149920.110433, res: 550046
id: 100, time: 149920.110433, res: 837865
id: 100, time: 149920.110433, res: 1445378
id: 101, time: 151376.314191, res: 827070
id: 101, time: 151376.314191, res: 453356
id: 101, time: 151376.314191, res: 920466
id: 101, time: 151376.314191, res: 189993
id: 101, time: 151376.314191, res: 1134351
id: 101, time: 151376.314191, res: 1645444
id: 101, time: 151376.314191, res: 628367
id: 101, time: 151376.314191, res: 1425887
id: 102, time: 152940.457988, res: 2502011
id: 102, time: 152940.457988, res: 1013485
id: 102, time: 152940.457988, res: 243288
id: 102, time: 152940.457988, res: 2746907
id: 102, time: 152940.457988, res: 1828533
id: 102, time: 152940.457988, res: 378302
id: 102, time: 152940.457988, res: 2223187
id: 102, time: 152940.457988, res: 1591895
id: 103, time: 154519.328275, res: 228074
id: 103, time: 154519.328275, res: 1822781
id: 103, time: 154519.328275, res: 702909
id: 103, time: 154519.328275, res: 1517121
id: 103, time: 154519.328275, res: 1790756
id: 103, time: 154519.328275, res: 2215996
id: 103, time: 154519.328275, res: 1205106
id: 103, time: 154519.328275, res: 2006089
id: 104, time: 156089.935544, res: 2264043
id: 104, time: 156089.935544, res: 1607757
id: 104, time: 156089.935544, res: 857417
id: 104, time: 156089.935544, res: 1411510
id: 104, time: 156089.935544, res: 767806
id: 104, time: 156089.935544, res: 2212933
id: 104, time: 156089.935544, res: 1348951
id: 104, time: 156089.935544, res: 2034679
id: 105, time: 157667.106803, res: 851021
id: 105, time: 157667.106803, res: 2316455
id: 105, time: 157667.106803, res: 776533
id: 105, time: 157667.106803, res: 855316
id: 105, time: 157667.106803, res: 1089776
id: 105, time: 157667.106803, res: 1866184
id: 105, time: 157667.106803, res: 844734
id: 105, time: 157667.106803, res: 2553748
