id = 0, result = 858200.0, COST_COAST = 17, MAX_COST = 6064036, COST_DIAGONAL = 132, COST_TILE = 96, COST_TURN = 67, COST_SLOPE = 138, COST_TUNNEL = 196, COST_NO_ADJ_RAIL = 10, COST_BRIDGE = 82, COST_ADJ_OBST = 27, MAX_BRIDGE_LEN = 4, MAX_TUNNEL_LEN = 18
id = 1, result = 874486.166667, COST_COAST = 39, MAX_COST = 10906611, COST_DIAGONAL = 58, COST_TILE = 93, COST_TURN = 91, COST_SLOPE = 171, COST_TUNNEL = 64, COST_NO_ADJ_RAIL = 0, COST_BRIDGE = 223, COST_ADJ_OBST = 63, MAX_BRIDGE_LEN = 5, MAX_TUNNEL_LEN = 16
id = 2, result = 838634.0, COST_DIAGONAL = 47, MAX_COST = 10185876, COST_TILE = 92, COST_TURN = 46, COST_SLOPE = 112, COST_TUNNEL = 115, MAX_BRIDGE_LEN = 16, COST_BRIDGE = 214, COST_COAST = 20, COST_ADJ_OBST = 79, COST_NO_ADJ_RAIL = 17, MAX_TUNNEL_LEN = 9
id = 3, result = 653011.166667, COST_DIAGONAL = 121, MAX_COST = 16807840, COST_TILE = 132, COST_TURN = 61, COST_SLOPE = 194, COST_TUNNEL = 118, MAX_BRIDGE_LEN = 7, COST_BRIDGE = 132, COST_COAST = 32, COST_ADJ_OBST = 48, COST_NO_ADJ_RAIL = 83, MAX_TUNNEL_LEN = 3
id = 4, result = 1075364.16667, COST_DIAGONAL = 98, COST_COAST = 24, MAX_COST = 19003878, COST_TILE = 140, COST_NO_ADJ_RAIL = 31, COST_TURN = 58, COST_SLOPE = 142, COST_TUNNEL = 118, MAX_BRIDGE_LEN = 15, COST_BRIDGE = 256, COST_ADJ_OBST = 96, MAX_TUNNEL_LEN = 6
id = 5, result = 760089.5, COST_DIAGONAL = 65, MAX_COST = 19141979, COST_TILE = 84, COST_TURN = 100, COST_SLOPE = 195, COST_TUNNEL = 106, COST_NO_ADJ_RAIL = 66, COST_BRIDGE = 274, COST_COAST = 16, COST_ADJ_OBST = 3, MAX_BRIDGE_LEN = 8, MAX_TUNNEL_LEN = 7
id = 6, result = 706422.833333, COST_DIAGONAL = 97, MAX_COST = 14374749, COST_TILE = 176, COST_TURN = 27, COST_SLOPE = 196, COST_TUNNEL = 69, COST_NO_ADJ_RAIL = 81, COST_BRIDGE = 266, COST_COAST = 25, COST_ADJ_OBST = 15, MAX_BRIDGE_LEN = 12, MAX_TUNNEL_LEN = 17
id = 7, result = 336751.333333, COST_DIAGONAL = 119, MAX_COST = 12716482, COST_TILE = 136, COST_TURN = 36, COST_SLOPE = 81, COST_TUNNEL = 143, COST_NO_ADJ_RAIL = 97, COST_BRIDGE = 159, COST_COAST = 36, COST_ADJ_OBST = 1, MAX_BRIDGE_LEN = 9, MAX_TUNNEL_LEN = 8
id = 8, result = 457939.333333, MAX_COST = 8383835, COST_DIAGONAL = 68, COST_TILE = 124, COST_TURN = 35, COST_SLOPE = 165, COST_TUNNEL = 90, COST_NO_ADJ_RAIL = 90, COST_BRIDGE = 253, COST_COAST = 29, COST_ADJ_OBST = 3, MAX_BRIDGE_LEN = 20, MAX_TUNNEL_LEN = 6
id = 9, result = 925675.5, MAX_COST = 18164893, COST_DIAGONAL = 90, COST_TILE = 190, COST_TURN = 71, COST_SLOPE = 102, COST_TUNNEL = 149, COST_NO_ADJ_RAIL = 93, COST_BRIDGE = 199, COST_COAST = 27, COST_ADJ_OBST = 7, MAX_BRIDGE_LEN = 14, MAX_TUNNEL_LEN = 12
id = 10, result = 753751.5, MAX_COST = 13884990, COST_DIAGONAL = 56, COST_TILE = 113, COST_TURN = 73, COST_SLOPE = 128, COST_TUNNEL = 227, COST_NO_ADJ_RAIL = 52, COST_BRIDGE = 270, COST_COAST = 21, COST_ADJ_OBST = 58, MAX_BRIDGE_LEN = 11, MAX_TUNNEL_LEN = 8
id = 11, result = 594707.333333, MAX_COST = 7823091, COST_DIAGONAL = 139, COST_TILE = 171, COST_TURN = 53, COST_SLOPE = 135, COST_TUNNEL = 240, COST_NO_ADJ_RAIL = 43, COST_BRIDGE = 238, COST_COAST = 30, COST_ADJ_OBST = 36, MAX_BRIDGE_LEN = 7, MAX_TUNNEL_LEN = 20
id = 12, result = 600936.166667, COST_DIAGONAL = 98, MAX_COST = 19003878, COST_TILE = 140, COST_TURN = 41, COST_SLOPE = 140, COST_TUNNEL = 118, COST_NO_ADJ_RAIL = 31, COST_BRIDGE = 256, COST_COAST = 24, COST_ADJ_OBST = 96, MAX_BRIDGE_LEN = 17, MAX_TUNNEL_LEN = 6
id = 13, result = 753996.166667, COST_DIAGONAL = 98, MAX_COST = 16344508, COST_TILE = 140, COST_TURN = 58, COST_SLOPE = 159, COST_TUNNEL = 118, COST_NO_ADJ_RAIL = 31, COST_BRIDGE = 247, COST_COAST = 24, COST_ADJ_OBST = 99, MAX_BRIDGE_LEN = 15, MAX_TUNNEL_LEN = 7
id = 14, result = 640886.0, COST_DIAGONAL = 98, MAX_COST = 19003878, COST_TILE = 140, COST_TURN = 62, COST_SLOPE = 142, COST_TUNNEL = 118, COST_NO_ADJ_RAIL = 31, COST_BRIDGE = 259, COST_COAST = 24, COST_ADJ_OBST = 70, MAX_BRIDGE_LEN = 15, MAX_TUNNEL_LEN = 6
id = 15, result = 693626.666667, COST_DIAGONAL = 98, MAX_COST = 19003878, COST_TILE = 140, COST_TURN = 58, COST_SLOPE = 142, COST_TUNNEL = 129, COST_NO_ADJ_RAIL = 31, COST_BRIDGE = 283, COST_COAST = 24, COST_ADJ_OBST = 96, MAX_BRIDGE_LEN = 15, MAX_TUNNEL_LEN = 3
id = 16, result = 751883.5, COST_DIAGONAL = 81, MAX_COST = 10486288, COST_TILE = 115, COST_TURN = 72, COST_SLOPE = 123, COST_TUNNEL = 188, COST_NO_ADJ_RAIL = 21, COST_BRIDGE = 280, COST_COAST = 17, COST_ADJ_OBST = 72, MAX_BRIDGE_LEN = 17, MAX_TUNNEL_LEN = 5
id = 17, result = 782134.666667, COST_DIAGONAL = 90, MAX_COST = 18132425, COST_TILE = 128, COST_TURN = 84, COST_SLOPE = 164, COST_TUNNEL = 169, COST_NO_ADJ_RAIL = 38, COST_BRIDGE = 142, COST_COAST = 38, COST_ADJ_OBST = 94, MAX_BRIDGE_LEN = 14, MAX_TUNNEL_LEN = 15
id = 18, result = 451864.166667, COST_DIAGONAL = 99, MAX_COST = 7192051, COST_TILE = 106, COST_TURN = 62, COST_SLOPE = 134, COST_TUNNEL = 211, COST_NO_ADJ_RAIL = 17, COST_BRIDGE = 97, COST_COAST = 21, COST_ADJ_OBST = 50, MAX_BRIDGE_LEN = 5, MAX_TUNNEL_LEN = 10
id = 19, result = 344586.333333, COST_DIAGONAL = 105, MAX_COST = 6972747, COST_TILE = 82, COST_TURN = 91, COST_SLOPE = 193, COST_TUNNEL = 122, COST_NO_ADJ_RAIL = 89, COST_BRIDGE = 206, COST_COAST = 17, COST_ADJ_OBST = 51, MAX_BRIDGE_LEN = 15, MAX_TUNNEL_LEN = 7
id = 20, result = 724239.666667, COST_DIAGONAL = 98, MAX_COST = 19003878, COST_TILE = 140, COST_TURN = 58, COST_SLOPE = 142, COST_TUNNEL = 118, COST_NO_ADJ_RAIL = 17, COST_BRIDGE = 256, COST_COAST = 24, COST_ADJ_OBST = 96, MAX_BRIDGE_LEN = 15, MAX_TUNNEL_LEN = 6
id = 21, result = 1055028.66667, COST_DIAGONAL = 98, MAX_COST = 5990599, COST_TILE = 140, COST_TURN = 58, COST_SLOPE = 142, COST_TUNNEL = 118, COST_NO_ADJ_RAIL = 31, COST_BRIDGE = 256, COST_COAST = 24, COST_ADJ_OBST = 96, MAX_BRIDGE_LEN = 15, MAX_TUNNEL_LEN = 6
id = 22, result = 658788.333333, COST_DIAGONAL = 98, MAX_COST = 19003878, COST_TILE = 104, COST_TURN = 58, COST_SLOPE = 142, COST_TUNNEL = 118, COST_NO_ADJ_RAIL = 31, COST_BRIDGE = 256, COST_COAST = 24, COST_ADJ_OBST = 96, MAX_BRIDGE_LEN = 15, MAX_TUNNEL_LEN = 6
id = 23, result = 900481.0, COST_DIAGONAL = 98, MAX_COST = 19003878, COST_TILE = 140, COST_TURN = 95, COST_SLOPE = 142, COST_TUNNEL = 118, COST_NO_ADJ_RAIL = 31, COST_BRIDGE = 256, COST_COAST = 24, COST_ADJ_OBST = 96, MAX_BRIDGE_LEN = 15, MAX_TUNNEL_LEN = 6
