id: 0, time: 1334.78251696, res: 315393
id: 0, time: 1334.78251696, res: 338598
id: 0, time: 1334.78251696, res: 783642
id: 0, time: 1334.78251696, res: 566098
id: 0, time: 1334.78251696, res: 2250935
id: 0, time: 1334.78251696, res: 894534
id: 1, time: 2649.21255517, res: 1508422
id: 1, time: 2649.21255517, res: 1178929
id: 1, time: 2649.21255517, res: 87759
id: 1, time: 2649.21255517, res: 1244239
id: 1, time: 2649.21255517, res: 220169
id: 1, time: 2649.21255517, res: 1007399
id: 2, time: 3944.20485806, res: 1411592
id: 2, time: 3944.20485806, res: 127927
id: 2, time: 3944.20485806, res: 917437
id: 2, time: 3944.20485806, res: 803450
id: 2, time: 3944.20485806, res: 1069808
id: 2, time: 3944.20485806, res: 701590
id: 3, time: 5170.7034421, res: 948882
id: 3, time: 5170.7034421, res: 103313
id: 3, time: 5170.7034421, res: 233428
id: 3, time: 5170.7034421, res: 1671143
id: 3, time: 5170.7034421, res: 690060
id: 3, time: 5170.7034421, res: 271241
id: 4, time: 6552.18478799, res: 2380126
id: 4, time: 6552.18478799, res: 306057
id: 4, time: 6552.18478799, res: 384945
id: 4, time: 6552.18478799, res: 1007459
id: 4, time: 6552.18478799, res: 1502561
id: 4, time: 6552.18478799, res: 871037
id: 5, time: 7754.89156604, res: 710997
id: 5, time: 7754.89156604, res: 1550971
id: 5, time: 7754.89156604, res: 583956
id: 5, time: 7754.89156604, res: 112899
id: 5, time: 7754.89156604, res: 542632
id: 5, time: 7754.89156604, res: 1059082
id: 6, time: 8976.66257811, res: 1263944
id: 6, time: 8976.66257811, res: 835499
id: 6, time: 8976.66257811, res: 1279980
id: 6, time: 8976.66257811, res: 344045
id: 6, time: 8976.66257811, res: 70422
id: 6, time: 8976.66257811, res: 444647
id: 7, time: 10106.6888411, res: 513350
id: 7, time: 10106.6888411, res: 306398
id: 7, time: 10106.6888411, res: 8893
id: 7, time: 10106.6888411, res: 458210
id: 7, time: 10106.6888411, res: 274358
id: 7, time: 10106.6888411, res: 459299
id: 8, time: 11266.119586, res: 107715
id: 8, time: 11266.119586, res: 650893
id: 8, time: 11266.119586, res: 306284
id: 8, time: 11266.119586, res: 197262
id: 8, time: 11266.119586, res: 873196
id: 8, time: 11266.119586, res: 612286
id: 9, time: 12523.9548211, res: 1893951
id: 9, time: 12523.9548211, res: 552515
id: 9, time: 12523.9548211, res: 766856
id: 9, time: 12523.9548211, res: 971586
id: 9, time: 12523.9548211, res: 423415
id: 9, time: 12523.9548211, res: 945730
id: 10, time: 13771.2906899, res: 706497
id: 10, time: 13771.2906899, res: 209257
id: 10, time: 13771.2906899, res: 605061
id: 10, time: 13771.2906899, res: 1171482
id: 10, time: 13771.2906899, res: 1488297
id: 10, time: 13771.2906899, res: 341915
id: 11, time: 15072.201597, res: 494558
id: 11, time: 15072.201597, res: 801072
id: 11, time: 15072.201597, res: 466286
id: 11, time: 15072.201597, res: 540254
id: 11, time: 15072.201597, res: 932372
id: 11, time: 15072.201597, res: 333702
id: 12, time: 16353.1202412, res: 866415
id: 12, time: 16353.1202412, res: 340497
id: 12, time: 16353.1202412, res: 101475
id: 12, time: 16353.1202412, res: 1366585
id: 12, time: 16353.1202412, res: 777518
id: 12, time: 16353.1202412, res: 153127
id: 13, time: 17643.4626842, res: 1254573
id: 13, time: 17643.4626842, res: 1761243
id: 13, time: 17643.4626842, res: 491965
id: 13, time: 17643.4626842, res: 8197
id: 13, time: 17643.4626842, res: 344622
id: 13, time: 17643.4626842, res: 663377
id: 14, time: 18951.0817552, res: 1331472
id: 14, time: 18951.0817552, res: 20253
id: 14, time: 18951.0817552, res: 189670
id: 14, time: 18951.0817552, res: 724689
id: 14, time: 18951.0817552, res: 1150755
id: 14, time: 18951.0817552, res: 428477
id: 15, time: 20131.2770951, res: 3431
id: 15, time: 20131.2770951, res: 2230567
id: 15, time: 20131.2770951, res: 315576
id: 15, time: 20131.2770951, res: 723955
id: 15, time: 20131.2770951, res: 247814
id: 15, time: 20131.2770951, res: 640417
id: 16, time: 21491.2865632, res: 554862
id: 16, time: 21491.2865632, res: 914351
id: 16, time: 21491.2865632, res: 722426
id: 16, time: 21491.2865632, res: 904742
id: 16, time: 21491.2865632, res: 291724
id: 16, time: 21491.2865632, res: 1123196
id: 17, time: 22718.348561, res: 682037
id: 17, time: 22718.348561, res: 565789
id: 17, time: 22718.348561, res: 1285778
id: 17, time: 22718.348561, res: 186442
id: 17, time: 22718.348561, res: 1501267
id: 17, time: 22718.348561, res: 471495
id: 18, time: 23985.513428, res: 376
id: 18, time: 23985.513428, res: 201512
id: 18, time: 23985.513428, res: 569835
id: 18, time: 23985.513428, res: 777212
id: 18, time: 23985.513428, res: 816379
id: 18, time: 23985.513428, res: 345871
id: 19, time: 25251.9302971, res: 749288
id: 19, time: 25251.9302971, res: 616012
id: 19, time: 25251.9302971, res: 256147
id: 19, time: 25251.9302971, res: 85792
id: 19, time: 25251.9302971, res: 294409
id: 19, time: 25251.9302971, res: 65870
id: 20, time: 26551.8676181, res: 379952
id: 20, time: 26551.8676181, res: 2063737
id: 20, time: 26551.8676181, res: 170830
id: 20, time: 26551.8676181, res: 356231
id: 20, time: 26551.8676181, res: 844035
id: 20, time: 26551.8676181, res: 530653
id: 21, time: 27887.4205601, res: 985109
id: 21, time: 27887.4205601, res: 1120598
id: 21, time: 27887.4205601, res: 1494426
id: 21, time: 27887.4205601, res: 1282015
id: 21, time: 27887.4205601, res: 900337
id: 21, time: 27887.4205601, res: 547687
id: 22, time: 29171.3590341, res: 22414
id: 22, time: 29171.3590341, res: 1503811
id: 22, time: 29171.3590341, res: 1240265
id: 22, time: 29171.3590341, res: 624680
id: 22, time: 29171.3590341, res: 84503
id: 22, time: 29171.3590341, res: 477057
id: 23, time: 30508.323431, res: 859176
id: 23, time: 30508.323431, res: 670657
id: 23, time: 30508.323431, res: 1075888
id: 23, time: 30508.323431, res: 1912778
id: 23, time: 30508.323431, res: 270984
id: 23, time: 30508.323431, res: 613403
