1370.965947 -93003.8333333
2468.200644 -25950.3333333
3710.702686 -61689.0
5010.412644 -63008.3333333
6924.330154 -63413.1666667
8269.884175 -69936.3333333
9551.743967 -44929.1666667
10778.934423 -61132.1666667
12013.286324 -95297.3333333
13274.416622 -58138.3333333
14538.908053 -70063.1666667
15834.87884 -85500.3333333
17186.997997 -130293.666667
18465.694441 -79889.5
19779.336501 -53124.1666667
21158.302965 -59238.8333333
22569.14665 -56098.3333333
23881.738926 -59627.8333333
25164.714783 -68289.8333333
26526.718854 -90004.8333333
28285.750651 -34610.0
30199.041477 -103154.5
31458.524088 -79546.6666667
32741.935014 -100916.5
34034.762676 -119080.166667
35422.588571 -101950.333333
36802.673207 -69794.8333333
38099.559316 -92998.1666667
