id: 0, time: 1381.204772, res: 32350
id: 0, time: 1381.204772, res: 123135
id: 0, time: 1381.204772, res: 148438
id: 0, time: 1381.204772, res: 158970
id: 0, time: 1381.204772, res: 41750
id: 0, time: 1381.204772, res: 53380
id: 1, time: 2478.43815088, res: 32397
id: 1, time: 2478.43815088, res: 43214
id: 1, time: 2478.43815088, res: 22225
id: 1, time: 2478.43815088, res: 11096
id: 1, time: 2478.43815088, res: 28840
id: 1, time: 2478.43815088, res: 17930
id: 2, time: 3720.93216586, res: 93832
id: 2, time: 3720.93216586, res: 129934
id: 2, time: 3720.93216586, res: 59535
id: 2, time: 3720.93216586, res: 12229
id: 2, time: 3720.93216586, res: 51923
id: 2, time: 3720.93216586, res: 22681
id: 3, time: 5020.64487481, res: 96785
id: 3, time: 5020.64487481, res: 34612
id: 3, time: 5020.64487481, res: 59406
id: 3, time: 5020.64487481, res: 35066
id: 3, time: 5020.64487481, res: 2472
id: 3, time: 5020.64487481, res: 149709
id: 4, time: 6934.56715393, res: 94320
id: 4, time: 6934.56715393, res: 31215
id: 4, time: 6934.56715393, res: 29819
id: 4, time: 6934.56715393, res: 46335
id: 4, time: 6934.56715393, res: 167586
id: 4, time: 6934.56715393, res: 11204
id: 5, time: 8280.12395501, res: 68540
id: 5, time: 8280.12395501, res: 132629
id: 5, time: 8280.12395501, res: 70968
id: 5, time: 8280.12395501, res: 64807
id: 5, time: 8280.12395501, res: 75582
id: 5, time: 8280.12395501, res: 7092
id: 6, time: 9561.99921679, res: 4126
id: 6, time: 9561.99921679, res: 53100
id: 6, time: 9561.99921679, res: 143267
id: 6, time: 9561.99921679, res: 34769
id: 6, time: 9561.99921679, res: 17424
id: 6, time: 9561.99921679, res: 16889
id: 7, time: 10789.1793258, res: 107916
id: 7, time: 10789.1793258, res: 108088
id: 7, time: 10789.1793258, res: 3834
id: 7, time: 10789.1793258, res: 17295
id: 7, time: 10789.1793258, res: 117139
id: 7, time: 10789.1793258, res: 12521
id: 8, time: 12023.5081699, res: 93712
id: 8, time: 12023.5081699, res: 116714
id: 8, time: 12023.5081699, res: 154128
id: 8, time: 12023.5081699, res: 96431
id: 8, time: 12023.5081699, res: 33112
id: 8, time: 12023.5081699, res: 77687
id: 9, time: 13284.6479108, res: 22071
id: 9, time: 13284.6479108, res: 20828
id: 9, time: 13284.6479108, res: 134055
id: 9, time: 13284.6479108, res: 66420
id: 9, time: 13284.6479108, res: 41326
id: 9, time: 13284.6479108, res: 64130
id: 10, time: 14549.146935, res: 55594
id: 10, time: 14549.146935, res: 120993
id: 10, time: 14549.146935, res: 6277
id: 10, time: 14549.146935, res: 57580
id: 10, time: 14549.146935, res: 53288
id: 10, time: 14549.146935, res: 126647
id: 11, time: 15845.120569, res: 134824
id: 11, time: 15845.120569, res: 18795
id: 11, time: 15845.120569, res: 58896
id: 11, time: 15845.120569, res: 82078
id: 11, time: 15845.120569, res: 3043
id: 11, time: 15845.120569, res: 215366
id: 12, time: 17197.234128, res: 128824
id: 12, time: 17197.234128, res: 69314
id: 12, time: 17197.234128, res: 137289
id: 12, time: 17197.234128, res: 281034
id: 12, time: 17197.234128, res: 8307
id: 12, time: 17197.234128, res: 156994
id: 13, time: 18475.9342709, res: 120867
id: 13, time: 18475.9342709, res: 6018
id: 13, time: 18475.9342709, res: 10124
id: 13, time: 18475.9342709, res: 35723
id: 13, time: 18475.9342709, res: 111539
id: 13, time: 18475.9342709, res: 195066
id: 14, time: 19789.5801909, res: 100489
id: 14, time: 19789.5801909, res: 1246
id: 14, time: 19789.5801909, res: 49416
id: 14, time: 19789.5801909, res: 78355
id: 14, time: 19789.5801909, res: 12362
id: 14, time: 19789.5801909, res: 76877
id: 15, time: 21168.5370488, res: 110600
id: 15, time: 21168.5370488, res: 133099
id: 15, time: 21168.5370488, res: 24680
id: 15, time: 21168.5370488, res: 25150
id: 15, time: 21168.5370488, res: 59644
id: 15, time: 21168.5370488, res: 2260
id: 16, time: 22579.3853028, res: 123825
id: 16, time: 22579.3853028, res: 115827
id: 16, time: 22579.3853028, res: 580
id: 16, time: 22579.3853028, res: 13303
id: 16, time: 22579.3853028, res: 33537
id: 16, time: 22579.3853028, res: 49518
id: 17, time: 23891.9813359, res: 1617
id: 17, time: 23891.9813359, res: 52831
id: 17, time: 23891.9813359, res: 36946
id: 17, time: 23891.9813359, res: 80214
id: 17, time: 23891.9813359, res: 114514
id: 17, time: 23891.9813359, res: 71645
id: 18, time: 25174.954783, res: 194482
id: 18, time: 25174.954783, res: 10230
id: 18, time: 25174.954783, res: 38657
id: 18, time: 25174.954783, res: 129263
id: 18, time: 25174.954783, res: 24954
id: 18, time: 25174.954783, res: 12153
id: 19, time: 26536.957386, res: 32709
id: 19, time: 26536.957386, res: 110216
id: 19, time: 26536.957386, res: 129849
id: 19, time: 26536.957386, res: 158882
id: 19, time: 26536.957386, res: 85980
id: 19, time: 26536.957386, res: 22393
id: 20, time: 28295.9941728, res: 76487
id: 20, time: 28295.9941728, res: 4008
id: 20, time: 28295.9941728, res: 32994
id: 20, time: 28295.9941728, res: 9109
id: 20, time: 28295.9941728, res: 13493
id: 20, time: 28295.9941728, res: 71569
id: 21, time: 30209.2682569, res: 101920
id: 21, time: 30209.2682569, res: 76303
id: 21, time: 30209.2682569, res: 125345
id: 21, time: 30209.2682569, res: 2503
id: 21, time: 30209.2682569, res: 103564
id: 21, time: 30209.2682569, res: 209292
id: 22, time: 31468.7330968, res: 90423
id: 22, time: 31468.7330968, res: 137958
id: 22, time: 31468.7330968, res: 35091
id: 22, time: 31468.7330968, res: 158959
id: 22, time: 31468.7330968, res: 16873
id: 22, time: 31468.7330968, res: 37976
id: 23, time: 32752.1499698, res: 102325
id: 23, time: 32752.1499698, res: 77626
id: 23, time: 32752.1499698, res: 189520
id: 23, time: 32752.1499698, res: 6864
id: 23, time: 32752.1499698, res: 72993
id: 23, time: 32752.1499698, res: 156171
id: 24, time: 34045.0041628, res: 83488
id: 24, time: 34045.0041628, res: 127463
id: 24, time: 34045.0041628, res: 164017
id: 24, time: 34045.0041628, res: 167862
id: 24, time: 34045.0041628, res: 43452
id: 24, time: 34045.0041628, res: 128199
id: 25, time: 35432.844213, res: 143941
id: 25, time: 35432.844213, res: 86826
id: 25, time: 35432.844213, res: 123226
id: 25, time: 35432.844213, res: 114775
id: 25, time: 35432.844213, res: 92520
id: 25, time: 35432.844213, res: 50414
id: 26, time: 36812.89818, res: 145822
id: 26, time: 36812.89818, res: 63368
id: 26, time: 36812.89818, res: 79647
id: 26, time: 36812.89818, res: 8533
id: 26, time: 36812.89818, res: 13154
id: 26, time: 36812.89818, res: 108245
id: 27, time: 38109.7892969, res: 96712
id: 27, time: 38109.7892969, res: 126816
id: 27, time: 38109.7892969, res: 117086
id: 27, time: 38109.7892969, res: 1192
id: 27, time: 38109.7892969, res: 129370
id: 27, time: 38109.7892969, res: 86813
id: 28, time: 39396.170089, res: 84724
id: 28, time: 39396.170089, res: 151393
id: 28, time: 39396.170089, res: 107325
id: 28, time: 39396.170089, res: 155718
id: 28, time: 39396.170089, res: 12743
id: 28, time: 39396.170089, res: 80383
id: 29, time: 40707.734962, res: 123205
id: 29, time: 40707.734962, res: 24642
id: 29, time: 40707.734962, res: 23561
id: 29, time: 40707.734962, res: 23756
id: 29, time: 40707.734962, res: 21139
id: 29, time: 40707.734962, res: 60121
id: 30, time: 41967.9190578, res: 52118
id: 30, time: 41967.9190578, res: 525
id: 30, time: 41967.9190578, res: 35766
id: 30, time: 41967.9190578, res: 166661
id: 30, time: 41967.9190578, res: 23997
id: 30, time: 41967.9190578, res: 47683
